TpTrace Verbose: 0 : 52752, 1, 2021/06/21, 23:06:35.077, 6400701065610, vstest.console.dll, Version: 16.10.0-release-20210520-03
TpTrace Information: 0 : 52752, 1, 2021/06/21, 23:06:35.090, 6400701171963, vstest.console.dll, FilePatternParser: The given file D:\1. WORK\ANKO\Zoo Lab\ZooTest\bin\Debug\netcoreapp3.1\fine-code-coverage\build-output\ZooTest.dll is a full path.
TpTrace Verbose: 0 : 52752, 1, 2021/06/21, 23:06:35.098, 6400701252696, vstest.console.dll, TestPluginCache.DiscoverTestExtensions: finding test extensions in assemblies ends with: RuntimeProvider.dll TPluginInfo: Microsoft.VisualStudio.TestPlatform.Common.ExtensionFramework.Utilities.TestRuntimePluginInformation TExtension: Microsoft.VisualStudio.TestPlatform.ObjectModel.Host.ITestRuntimeProvider
TpTrace Verbose: 0 : 52752, 1, 2021/06/21, 23:06:35.099, 6400701260527, vstest.console.dll, TestPluginCache.GetExtensionPaths: Filtered extension paths: 
TpTrace Verbose: 0 : 52752, 1, 2021/06/21, 23:06:35.099, 6400701261841, vstest.console.dll, TestPluginCache.GetExtensionPaths: Added default extension paths: C:\Program Files\dotnet\sdk\5.0.301\Extensions\Microsoft.Diagnostics.NETCore.Client.dll
C:\Program Files\dotnet\sdk\5.0.301\Extensions\Microsoft.TestPlatform.Extensions.BlameDataCollector.dll
C:\Program Files\dotnet\sdk\5.0.301\Extensions\Microsoft.TestPlatform.Extensions.EventLogCollector.dll
C:\Program Files\dotnet\sdk\5.0.301\Extensions\Microsoft.TestPlatform.TestHostRuntimeProvider.dll
C:\Program Files\dotnet\sdk\5.0.301\Extensions\Microsoft.VisualStudio.TestPlatform.Extensions.Html.TestLogger.dll
C:\Program Files\dotnet\sdk\5.0.301\Extensions\Microsoft.VisualStudio.TestPlatform.Extensions.Trx.TestLogger.dll
TpTrace Verbose: 0 : 52752, 1, 2021/06/21, 23:06:35.099, 6400701262400, vstest.console.dll, TestPluginCache.GetExtensionPaths: Added unfilterableExtensionPaths: 
TpTrace Information: 0 : 52752, 1, 2021/06/21, 23:06:35.100, 6400701270591, vstest.console.dll, AssemblyResolver.ctor: Creating AssemblyResolver with searchDirectories C:\Program Files\dotnet\sdk\5.0.301\Extensions,C:\Program Files\dotnet\sdk\5.0.301
TpTrace Verbose: 0 : 52752, 1, 2021/06/21, 23:06:35.101, 6400701279345, vstest.console.dll, TestPluginCache.DiscoverTestExtensions: Discovering the extensions using extension path.
TpTrace Verbose: 0 : 52752, 1, 2021/06/21, 23:06:35.101, 6400701280666, vstest.console.dll, TestPluginCache.GetExtensionPaths: Filtered extension paths: 
TpTrace Verbose: 0 : 52752, 1, 2021/06/21, 23:06:35.101, 6400701281093, vstest.console.dll, TestPluginCache.GetExtensionPaths: Added default extension paths: C:\Program Files\dotnet\sdk\5.0.301\Extensions\Microsoft.Diagnostics.NETCore.Client.dll
C:\Program Files\dotnet\sdk\5.0.301\Extensions\Microsoft.TestPlatform.Extensions.BlameDataCollector.dll
C:\Program Files\dotnet\sdk\5.0.301\Extensions\Microsoft.TestPlatform.Extensions.EventLogCollector.dll
C:\Program Files\dotnet\sdk\5.0.301\Extensions\Microsoft.TestPlatform.TestHostRuntimeProvider.dll
C:\Program Files\dotnet\sdk\5.0.301\Extensions\Microsoft.VisualStudio.TestPlatform.Extensions.Html.TestLogger.dll
C:\Program Files\dotnet\sdk\5.0.301\Extensions\Microsoft.VisualStudio.TestPlatform.Extensions.Trx.TestLogger.dll
TpTrace Verbose: 0 : 52752, 1, 2021/06/21, 23:06:35.101, 6400701281452, vstest.console.dll, TestPluginCache.GetExtensionPaths: Added unfilterableExtensionPaths: 
TpTrace Verbose: 0 : 52752, 1, 2021/06/21, 23:06:35.101, 6400701282053, vstest.console.dll, TestPluginCache.DiscoverTestExtensions: Discovering the extensions using allExtensionPaths: C:\Program Files\dotnet\sdk\5.0.301\Extensions\Microsoft.Diagnostics.NETCore.Client.dll
C:\Program Files\dotnet\sdk\5.0.301\Extensions\Microsoft.TestPlatform.Extensions.BlameDataCollector.dll
C:\Program Files\dotnet\sdk\5.0.301\Extensions\Microsoft.TestPlatform.Extensions.EventLogCollector.dll
C:\Program Files\dotnet\sdk\5.0.301\Extensions\Microsoft.TestPlatform.TestHostRuntimeProvider.dll
C:\Program Files\dotnet\sdk\5.0.301\Extensions\Microsoft.VisualStudio.TestPlatform.Extensions.Html.TestLogger.dll
C:\Program Files\dotnet\sdk\5.0.301\Extensions\Microsoft.VisualStudio.TestPlatform.Extensions.Trx.TestLogger.dll
TpTrace Information: 0 : 52752, 1, 2021/06/21, 23:06:35.101, 6400701283708, vstest.console.dll, AssemblyResolver.AddSearchDirectories: Adding more searchDirectories C:\Program Files\dotnet\sdk\5.0.301\Extensions,C:\Program Files\dotnet\sdk\5.0.301
TpTrace Information: 0 : 52752, 1, 2021/06/21, 23:06:35.101, 6400701284349, vstest.console.dll, AssemblyResolver.AddSearchDirectories: Adding more searchDirectories C:\Program Files\dotnet\sdk\5.0.301\Extensions,C:\Program Files\dotnet\sdk\5.0.301
TpTrace Information: 0 : 52752, 1, 2021/06/21, 23:06:35.101, 6400701284766, vstest.console.dll, AssemblyResolver.AddSearchDirectories: Adding more searchDirectories C:\Program Files\dotnet\sdk\5.0.301\Extensions,C:\Program Files\dotnet\sdk\5.0.301
TpTrace Information: 0 : 52752, 1, 2021/06/21, 23:06:35.101, 6400701285073, vstest.console.dll, AssemblyResolver.AddSearchDirectories: Adding more searchDirectories C:\Program Files\dotnet\sdk\5.0.301\Extensions,C:\Program Files\dotnet\sdk\5.0.301
TpTrace Information: 0 : 52752, 1, 2021/06/21, 23:06:35.101, 6400701285357, vstest.console.dll, AssemblyResolver.AddSearchDirectories: Adding more searchDirectories C:\Program Files\dotnet\sdk\5.0.301\Extensions,C:\Program Files\dotnet\sdk\5.0.301
TpTrace Information: 0 : 52752, 1, 2021/06/21, 23:06:35.101, 6400701285637, vstest.console.dll, AssemblyResolver.AddSearchDirectories: Adding more searchDirectories C:\Program Files\dotnet\sdk\5.0.301\Extensions,C:\Program Files\dotnet\sdk\5.0.301
TpTrace Information: 0 : 52752, 1, 2021/06/21, 23:06:35.102, 6400701289094, vstest.console.dll, AssemblyResolver.OnResolve: Microsoft.Diagnostics.NETCore.Client: Resolving assembly.
TpTrace Information: 0 : 52752, 1, 2021/06/21, 23:06:35.102, 6400701289748, vstest.console.dll, AssemblyResolver.OnResolve: Microsoft.Diagnostics.NETCore.Client: Searching in: 'C:\Program Files\dotnet\sdk\5.0.301\Extensions'.
TpTrace Information: 0 : 52752, 1, 2021/06/21, 23:06:35.102, 6400701295971, vstest.console.dll, AssemblyResolver.OnResolve: Microsoft.Diagnostics.NETCore.Client: Loading assembly 'C:\Program Files\dotnet\sdk\5.0.301\Extensions\Microsoft.Diagnostics.NETCore.Client.dll'.
TpTrace Information: 0 : 52752, 1, 2021/06/21, 23:06:35.103, 6400701302628, vstest.console.dll, AssemblyResolver.OnResolve: Resolved assembly: Microsoft.Diagnostics.NETCore.Client, from path: C:\Program Files\dotnet\sdk\5.0.301\Extensions\Microsoft.Diagnostics.NETCore.Client.dll
TpTrace Information: 0 : 52752, 1, 2021/06/21, 23:06:35.106, 6400701335192, vstest.console.dll, AssemblyResolver.OnResolve: Microsoft.Bcl.AsyncInterfaces: Resolving assembly.
TpTrace Information: 0 : 52752, 1, 2021/06/21, 23:06:35.106, 6400701336183, vstest.console.dll, AssemblyResolver.OnResolve: Microsoft.Bcl.AsyncInterfaces: Searching in: 'C:\Program Files\dotnet\sdk\5.0.301\Extensions'.
TpTrace Information: 0 : 52752, 1, 2021/06/21, 23:06:35.107, 6400701338027, vstest.console.dll, AssemblyResolver.OnResolve: Microsoft.Bcl.AsyncInterfaces: Assembly path does not exist: 'C:\Program Files\dotnet\sdk\5.0.301\Extensions\Microsoft.Bcl.AsyncInterfaces.dll', returning.
TpTrace Information: 0 : 52752, 1, 2021/06/21, 23:06:35.107, 6400701338988, vstest.console.dll, AssemblyResolver.OnResolve: Microsoft.Bcl.AsyncInterfaces: Assembly path does not exist: 'C:\Program Files\dotnet\sdk\5.0.301\Extensions\Microsoft.Bcl.AsyncInterfaces.exe', returning.
TpTrace Information: 0 : 52752, 1, 2021/06/21, 23:06:35.107, 6400701339401, vstest.console.dll, AssemblyResolver.OnResolve: Microsoft.Bcl.AsyncInterfaces: Searching in: 'C:\Program Files\dotnet\sdk\5.0.301'.
TpTrace Information: 0 : 52752, 1, 2021/06/21, 23:06:35.107, 6400701340112, vstest.console.dll, AssemblyResolver.OnResolve: Microsoft.Bcl.AsyncInterfaces: Assembly path does not exist: 'C:\Program Files\dotnet\sdk\5.0.301\Microsoft.Bcl.AsyncInterfaces.dll', returning.
TpTrace Information: 0 : 52752, 1, 2021/06/21, 23:06:35.107, 6400701340849, vstest.console.dll, AssemblyResolver.OnResolve: Microsoft.Bcl.AsyncInterfaces: Assembly path does not exist: 'C:\Program Files\dotnet\sdk\5.0.301\Microsoft.Bcl.AsyncInterfaces.exe', returning.
TpTrace Information: 0 : 52752, 1, 2021/06/21, 23:06:35.107, 6400701341677, vstest.console.dll, AssemblyResolver.OnResolve: Microsoft.Bcl.AsyncInterfaces: Failed to load assembly.
TpTrace Verbose: 0 : 52752, 1, 2021/06/21, 23:06:35.107, 6400701342155, vstest.console.dll, CurrentDomainAssemblyResolve: Resolving assembly 'Microsoft.Bcl.AsyncInterfaces'.
TpTrace Information: 0 : 52752, 1, 2021/06/21, 23:06:35.107, 6400701342820, vstest.console.dll, AssemblyResolver.OnResolve: Microsoft.Bcl.AsyncInterfaces: Resolving assembly.
TpTrace Information: 0 : 52752, 1, 2021/06/21, 23:06:35.107, 6400701343252, vstest.console.dll, AssemblyResolver.OnResolve: Microsoft.Bcl.AsyncInterfaces: Resolved from cache.
TpTrace Verbose: 0 : 52752, 1, 2021/06/21, 23:06:35.107, 6400701343559, vstest.console.dll, CurrentDomainAssemblyResolve: Resolving assembly 'Microsoft.Bcl.AsyncInterfaces'.
TpTrace Verbose: 0 : 52752, 1, 2021/06/21, 23:06:35.107, 6400701343910, vstest.console.dll, CurrentDomainAssemblyResolve: Failed to resolve assembly 'Microsoft.Bcl.AsyncInterfaces'.
TpTrace Verbose: 0 : 52752, 1, 2021/06/21, 23:06:35.108, 6400701351514, vstest.console.dll, CurrentDomainAssemblyResolve: Failed to resolve assembly 'Microsoft.Bcl.AsyncInterfaces'.
TpTrace Warning: 0 : 52752, 1, 2021/06/21, 23:06:35.124, 6400701514795, vstest.console.dll, TestPluginDiscoverer: Failed to get types from assembly 'Microsoft.Diagnostics.NETCore.Client, Version=0.2.2.41902, Culture=neutral, PublicKeyToken=31bf3856ad364e35'.  Skipping test extension scan for this assembly.  Error: System.Reflection.ReflectionTypeLoadException: Unable to load one or more of the requested types.
Could not load file or assembly 'Microsoft.Bcl.AsyncInterfaces, Version=1.0.0.0, Culture=neutral, PublicKeyToken=cc7b13ffcd2ddd51'. Не удается найти указанный файл.
   at System.Reflection.RuntimeModule.GetTypes(RuntimeModule module)
   at System.Reflection.RuntimeModule.GetTypes()
   at System.Reflection.Assembly.GetTypes()
   at Microsoft.VisualStudio.TestPlatform.Common.ExtensionFramework.TestPluginDiscoverer.GetTestExtensionsFromAssembly[TPluginInfo,TExtension](Assembly assembly, Dictionary`2 pluginInfos)
System.IO.FileNotFoundException: Could not load file or assembly 'Microsoft.Bcl.AsyncInterfaces, Version=1.0.0.0, Culture=neutral, PublicKeyToken=cc7b13ffcd2ddd51'. Не удается найти указанный файл.
File name: 'Microsoft.Bcl.AsyncInterfaces, Version=1.0.0.0, Culture=neutral, PublicKeyToken=cc7b13ffcd2ddd51'
TpTrace Warning: 0 : 52752, 1, 2021/06/21, 23:06:35.124, 6400701517810, vstest.console.dll, LoaderExceptions: System.IO.FileNotFoundException: Could not load file or assembly 'Microsoft.Bcl.AsyncInterfaces, Version=1.0.0.0, Culture=neutral, PublicKeyToken=cc7b13ffcd2ddd51'. Не удается найти указанный файл.
File name: 'Microsoft.Bcl.AsyncInterfaces, Version=1.0.0.0, Culture=neutral, PublicKeyToken=cc7b13ffcd2ddd51'
TpTrace Information: 0 : 52752, 1, 2021/06/21, 23:06:35.125, 6400701519071, vstest.console.dll, AssemblyResolver.OnResolve: Microsoft.TestPlatform.Extensions.BlameDataCollector: Resolving assembly.
TpTrace Information: 0 : 52752, 1, 2021/06/21, 23:06:35.125, 6400701519479, vstest.console.dll, AssemblyResolver.OnResolve: Microsoft.TestPlatform.Extensions.BlameDataCollector: Searching in: 'C:\Program Files\dotnet\sdk\5.0.301\Extensions'.
TpTrace Information: 0 : 52752, 1, 2021/06/21, 23:06:35.125, 6400701524614, vstest.console.dll, AssemblyResolver.OnResolve: Microsoft.TestPlatform.Extensions.BlameDataCollector: Loading assembly 'C:\Program Files\dotnet\sdk\5.0.301\Extensions\Microsoft.TestPlatform.Extensions.BlameDataCollector.dll'.
TpTrace Information: 0 : 52752, 1, 2021/06/21, 23:06:35.126, 6400701531263, vstest.console.dll, AssemblyResolver.OnResolve: Resolved assembly: Microsoft.TestPlatform.Extensions.BlameDataCollector, from path: C:\Program Files\dotnet\sdk\5.0.301\Extensions\Microsoft.TestPlatform.Extensions.BlameDataCollector.dll
TpTrace Information: 0 : 52752, 1, 2021/06/21, 23:06:35.127, 6400701538274, vstest.console.dll, AssemblyResolver.OnResolve: Microsoft.TestPlatform.Extensions.EventLogCollector: Resolving assembly.
TpTrace Information: 0 : 52752, 1, 2021/06/21, 23:06:35.127, 6400701539081, vstest.console.dll, AssemblyResolver.OnResolve: Microsoft.TestPlatform.Extensions.EventLogCollector: Searching in: 'C:\Program Files\dotnet\sdk\5.0.301\Extensions'.
TpTrace Information: 0 : 52752, 1, 2021/06/21, 23:06:35.127, 6400701543738, vstest.console.dll, AssemblyResolver.OnResolve: Microsoft.TestPlatform.Extensions.EventLogCollector: Loading assembly 'C:\Program Files\dotnet\sdk\5.0.301\Extensions\Microsoft.TestPlatform.Extensions.EventLogCollector.dll'.
TpTrace Information: 0 : 52752, 1, 2021/06/21, 23:06:35.128, 6400701549305, vstest.console.dll, AssemblyResolver.OnResolve: Resolved assembly: Microsoft.TestPlatform.Extensions.EventLogCollector, from path: C:\Program Files\dotnet\sdk\5.0.301\Extensions\Microsoft.TestPlatform.Extensions.EventLogCollector.dll
TpTrace Information: 0 : 52752, 1, 2021/06/21, 23:06:35.131, 6400701580439, vstest.console.dll, AssemblyResolver.OnResolve: Microsoft.TestPlatform.TestHostRuntimeProvider: Resolving assembly.
TpTrace Information: 0 : 52752, 1, 2021/06/21, 23:06:35.131, 6400701583222, vstest.console.dll, AssemblyResolver.OnResolve: Microsoft.TestPlatform.TestHostRuntimeProvider: Searching in: 'C:\Program Files\dotnet\sdk\5.0.301\Extensions'.
TpTrace Information: 0 : 52752, 1, 2021/06/21, 23:06:35.132, 6400701591741, vstest.console.dll, AssemblyResolver.OnResolve: Microsoft.TestPlatform.TestHostRuntimeProvider: Loading assembly 'C:\Program Files\dotnet\sdk\5.0.301\Extensions\Microsoft.TestPlatform.TestHostRuntimeProvider.dll'.
TpTrace Information: 0 : 52752, 1, 2021/06/21, 23:06:35.133, 6400701598267, vstest.console.dll, AssemblyResolver.OnResolve: Resolved assembly: Microsoft.TestPlatform.TestHostRuntimeProvider, from path: C:\Program Files\dotnet\sdk\5.0.301\Extensions\Microsoft.TestPlatform.TestHostRuntimeProvider.dll
TpTrace Information: 0 : 52752, 1, 2021/06/21, 23:06:35.134, 6400701609468, vstest.console.dll, AssemblyResolver.OnResolve: Microsoft.VisualStudio.TestPlatform.Extensions.Html.TestLogger: Resolving assembly.
TpTrace Information: 0 : 52752, 1, 2021/06/21, 23:06:35.134, 6400701610187, vstest.console.dll, AssemblyResolver.OnResolve: Microsoft.VisualStudio.TestPlatform.Extensions.Html.TestLogger: Searching in: 'C:\Program Files\dotnet\sdk\5.0.301\Extensions'.
TpTrace Information: 0 : 52752, 1, 2021/06/21, 23:06:35.134, 6400701614546, vstest.console.dll, AssemblyResolver.OnResolve: Microsoft.VisualStudio.TestPlatform.Extensions.Html.TestLogger: Loading assembly 'C:\Program Files\dotnet\sdk\5.0.301\Extensions\Microsoft.VisualStudio.TestPlatform.Extensions.Html.TestLogger.dll'.
TpTrace Information: 0 : 52752, 1, 2021/06/21, 23:06:35.135, 6400701620641, vstest.console.dll, AssemblyResolver.OnResolve: Resolved assembly: Microsoft.VisualStudio.TestPlatform.Extensions.Html.TestLogger, from path: C:\Program Files\dotnet\sdk\5.0.301\Extensions\Microsoft.VisualStudio.TestPlatform.Extensions.Html.TestLogger.dll
TpTrace Information: 0 : 52752, 1, 2021/06/21, 23:06:35.135, 6400701623897, vstest.console.dll, AssemblyResolver.OnResolve: Microsoft.VisualStudio.TestPlatform.Extensions.Trx.TestLogger: Resolving assembly.
TpTrace Information: 0 : 52752, 1, 2021/06/21, 23:06:35.135, 6400701624436, vstest.console.dll, AssemblyResolver.OnResolve: Microsoft.VisualStudio.TestPlatform.Extensions.Trx.TestLogger: Searching in: 'C:\Program Files\dotnet\sdk\5.0.301\Extensions'.
TpTrace Information: 0 : 52752, 1, 2021/06/21, 23:06:35.136, 6400701634391, vstest.console.dll, AssemblyResolver.OnResolve: Microsoft.VisualStudio.TestPlatform.Extensions.Trx.TestLogger: Loading assembly 'C:\Program Files\dotnet\sdk\5.0.301\Extensions\Microsoft.VisualStudio.TestPlatform.Extensions.Trx.TestLogger.dll'.
TpTrace Information: 0 : 52752, 1, 2021/06/21, 23:06:35.137, 6400701642145, vstest.console.dll, AssemblyResolver.OnResolve: Resolved assembly: Microsoft.VisualStudio.TestPlatform.Extensions.Trx.TestLogger, from path: C:\Program Files\dotnet\sdk\5.0.301\Extensions\Microsoft.VisualStudio.TestPlatform.Extensions.Trx.TestLogger.dll
TpTrace Verbose: 0 : 52752, 1, 2021/06/21, 23:06:35.138, 6400701650770, vstest.console.dll, TestPluginCache: Discovered the extensions using extension path ''.
TpTrace Verbose: 0 : 52752, 1, 2021/06/21, 23:06:35.138, 6400701651583, vstest.console.dll, TestPluginCache: Discoverers are ''.
TpTrace Verbose: 0 : 52752, 1, 2021/06/21, 23:06:35.138, 6400701651866, vstest.console.dll, TestPluginCache: Executors are ''.
TpTrace Verbose: 0 : 52752, 1, 2021/06/21, 23:06:35.138, 6400701652106, vstest.console.dll, TestPluginCache: Executors2 are ''.
TpTrace Verbose: 0 : 52752, 1, 2021/06/21, 23:06:35.138, 6400701652335, vstest.console.dll, TestPluginCache: Setting providers are ''.
TpTrace Verbose: 0 : 52752, 1, 2021/06/21, 23:06:35.138, 6400701652619, vstest.console.dll, TestPluginCache: Loggers are ''.
TpTrace Information: 0 : 52752, 1, 2021/06/21, 23:06:35.142, 6400701694867, vstest.console.dll, RunTestsArgumentProcessor:Execute: Test run is starting.
TpTrace Verbose: 0 : 52752, 1, 2021/06/21, 23:06:35.142, 6400701695691, vstest.console.dll, RunTestsArgumentProcessor:Execute: Queuing Test run.
TpTrace Information: 0 : 52752, 1, 2021/06/21, 23:06:35.142, 6400701697445, vstest.console.dll, TestRequestManager.RunTests: run tests started.
TpTrace Information: 0 : 52752, 1, 2021/06/21, 23:06:35.149, 6400701766163, vstest.console.dll, AssemblyMetadataProvider.GetFrameWork: Determined framework:'.NETCoreApp,Version=v3.1' for source: 'D:\1. WORK\ANKO\Zoo Lab\ZooTest\bin\Debug\netcoreapp3.1\fine-code-coverage\build-output\ZooTest.dll'
TpTrace Information: 0 : 52752, 1, 2021/06/21, 23:06:35.150, 6400701768703, vstest.console.dll, Determined framework for all sources: .NETCoreApp,Version=v3.1
TpTrace Information: 0 : 52752, 1, 2021/06/21, 23:06:35.150, 6400701773405, vstest.console.dll, AssemblyMetadataProvider.GetArchitecture: Determined architecture:AnyCPU info for assembly: D:\1. WORK\ANKO\Zoo Lab\ZooTest\bin\Debug\netcoreapp3.1\fine-code-coverage\build-output\ZooTest.dll
TpTrace Information: 0 : 52752, 1, 2021/06/21, 23:06:35.153, 6400701806419, vstest.console.dll, Determined platform for all sources: X64
TpTrace Information: 0 : 52752, 1, 2021/06/21, 23:06:35.156, 6400701836226, vstest.console.dll, Compatible sources list : 
TpTrace Information: 0 : 52752, 1, 2021/06/21, 23:06:35.156, 6400701837285, vstest.console.dll, D:\1. WORK\ANKO\Zoo Lab\ZooTest\bin\Debug\netcoreapp3.1\fine-code-coverage\build-output\ZooTest.dll
TpTrace Information: 0 : 52752, 1, 2021/06/21, 23:06:35.159, 6400701859265, vstest.console.dll, InferRunSettingsHelper.IsTestSettingsEnabled: Unable to navigate to RunSettings/MSTest. Current node: RunSettings
TpTrace Information: 0 : 52752, 1, 2021/06/21, 23:06:35.159, 6400701866800, vstest.console.dll, AssemblyResolver.OnResolve: Microsoft.VisualStudio.TestPlatform.Fakes: Resolving assembly.
TpTrace Information: 0 : 52752, 1, 2021/06/21, 23:06:35.159, 6400701867615, vstest.console.dll, AssemblyResolver.OnResolve: Microsoft.VisualStudio.TestPlatform.Fakes: Searching in: 'C:\Program Files\dotnet\sdk\5.0.301\Extensions'.
TpTrace Information: 0 : 52752, 1, 2021/06/21, 23:06:35.160, 6400701868718, vstest.console.dll, AssemblyResolver.OnResolve: Microsoft.VisualStudio.TestPlatform.Fakes: Assembly path does not exist: 'C:\Program Files\dotnet\sdk\5.0.301\Extensions\Microsoft.VisualStudio.TestPlatform.Fakes.dll', returning.
TpTrace Information: 0 : 52752, 1, 2021/06/21, 23:06:35.160, 6400701869416, vstest.console.dll, AssemblyResolver.OnResolve: Microsoft.VisualStudio.TestPlatform.Fakes: Assembly path does not exist: 'C:\Program Files\dotnet\sdk\5.0.301\Extensions\Microsoft.VisualStudio.TestPlatform.Fakes.exe', returning.
TpTrace Information: 0 : 52752, 1, 2021/06/21, 23:06:35.160, 6400701869731, vstest.console.dll, AssemblyResolver.OnResolve: Microsoft.VisualStudio.TestPlatform.Fakes: Searching in: 'C:\Program Files\dotnet\sdk\5.0.301'.
TpTrace Information: 0 : 52752, 1, 2021/06/21, 23:06:35.160, 6400701870480, vstest.console.dll, AssemblyResolver.OnResolve: Microsoft.VisualStudio.TestPlatform.Fakes: Assembly path does not exist: 'C:\Program Files\dotnet\sdk\5.0.301\Microsoft.VisualStudio.TestPlatform.Fakes.dll', returning.
TpTrace Information: 0 : 52752, 1, 2021/06/21, 23:06:35.160, 6400701871163, vstest.console.dll, AssemblyResolver.OnResolve: Microsoft.VisualStudio.TestPlatform.Fakes: Assembly path does not exist: 'C:\Program Files\dotnet\sdk\5.0.301\Microsoft.VisualStudio.TestPlatform.Fakes.exe', returning.
TpTrace Information: 0 : 52752, 1, 2021/06/21, 23:06:35.225, 6400702519296, vstest.console.dll, AssemblyResolver.OnResolve: Microsoft.VisualStudio.TestPlatform.Fakes: Failed to load assembly.
TpTrace Information: 0 : 52752, 1, 2021/06/21, 23:06:35.225, 6400702524109, vstest.console.dll, Failed to create newly implemented Fakes Configurator. Reason:System.IO.FileNotFoundException: Could not load file or assembly 'Microsoft.VisualStudio.TestPlatform.Fakes, Version=16.0.0.0, Culture=neutral, PublicKeyToken=null'. Не удается найти указанный файл.
File name: 'Microsoft.VisualStudio.TestPlatform.Fakes, Version=16.0.0.0, Culture=neutral, PublicKeyToken=null'
   at System.Reflection.RuntimeAssembly.InternalLoad(ObjectHandleOnStack assemblyName, ObjectHandleOnStack requestingAssembly, StackCrawlMarkHandle stackMark, Boolean throwOnFileNotFound, ObjectHandleOnStack assemblyLoadContext, ObjectHandleOnStack retAssembly)
   at System.Reflection.RuntimeAssembly.InternalLoad(AssemblyName assemblyName, RuntimeAssembly requestingAssembly, StackCrawlMark& stackMark, Boolean throwOnFileNotFound, AssemblyLoadContext assemblyLoadContext)
   at System.Reflection.Assembly.Load(AssemblyName assemblyRef)
   at Microsoft.VisualStudio.TestPlatform.Common.Utilities.FakesUtilities.TryGetFakesCrossPlatformDataCollectorConfigurator() 
TpTrace Verbose: 0 : 52752, 1, 2021/06/21, 23:06:35.229, 6400702560043, vstest.console.dll, TestPluginCache.DiscoverTestExtensions: finding test extensions in assemblies ends with: TestLogger.dll TPluginInfo: Microsoft.VisualStudio.TestPlatform.Common.ExtensionFramework.Utilities.TestLoggerPluginInformation TExtension: Microsoft.VisualStudio.TestPlatform.ObjectModel.Client.ITestLogger
TpTrace Verbose: 0 : 52752, 1, 2021/06/21, 23:06:35.229, 6400702561078, vstest.console.dll, TestPluginCache.GetExtensionPaths: Filtered extension paths: 
TpTrace Verbose: 0 : 52752, 1, 2021/06/21, 23:06:35.229, 6400702561454, vstest.console.dll, TestPluginCache.GetExtensionPaths: Added default extension paths: C:\Program Files\dotnet\sdk\5.0.301\Extensions\Microsoft.Diagnostics.NETCore.Client.dll
C:\Program Files\dotnet\sdk\5.0.301\Extensions\Microsoft.TestPlatform.Extensions.BlameDataCollector.dll
C:\Program Files\dotnet\sdk\5.0.301\Extensions\Microsoft.TestPlatform.Extensions.EventLogCollector.dll
C:\Program Files\dotnet\sdk\5.0.301\Extensions\Microsoft.TestPlatform.TestHostRuntimeProvider.dll
C:\Program Files\dotnet\sdk\5.0.301\Extensions\Microsoft.VisualStudio.TestPlatform.Extensions.Html.TestLogger.dll
C:\Program Files\dotnet\sdk\5.0.301\Extensions\Microsoft.VisualStudio.TestPlatform.Extensions.Trx.TestLogger.dll
TpTrace Verbose: 0 : 52752, 1, 2021/06/21, 23:06:35.229, 6400702561814, vstest.console.dll, TestPluginCache.GetExtensionPaths: Added unfilterableExtensionPaths: 
TpTrace Information: 0 : 52752, 1, 2021/06/21, 23:06:35.229, 6400702563556, vstest.console.dll, AssemblyResolver.AddSearchDirectories: Adding more searchDirectories C:\Program Files\dotnet\sdk\5.0.301\Extensions,C:\Program Files\dotnet\sdk\5.0.301
TpTrace Verbose: 0 : 52752, 1, 2021/06/21, 23:06:35.229, 6400702563997, vstest.console.dll, TestPluginCache.DiscoverTestExtensions: Discovering the extensions using extension path.
TpTrace Verbose: 0 : 52752, 1, 2021/06/21, 23:06:35.229, 6400702564293, vstest.console.dll, TestPluginCache.GetExtensionPaths: Filtered extension paths: 
TpTrace Verbose: 0 : 52752, 1, 2021/06/21, 23:06:35.229, 6400702564651, vstest.console.dll, TestPluginCache.GetExtensionPaths: Added default extension paths: C:\Program Files\dotnet\sdk\5.0.301\Extensions\Microsoft.Diagnostics.NETCore.Client.dll
C:\Program Files\dotnet\sdk\5.0.301\Extensions\Microsoft.TestPlatform.Extensions.BlameDataCollector.dll
C:\Program Files\dotnet\sdk\5.0.301\Extensions\Microsoft.TestPlatform.Extensions.EventLogCollector.dll
C:\Program Files\dotnet\sdk\5.0.301\Extensions\Microsoft.TestPlatform.TestHostRuntimeProvider.dll
C:\Program Files\dotnet\sdk\5.0.301\Extensions\Microsoft.VisualStudio.TestPlatform.Extensions.Html.TestLogger.dll
C:\Program Files\dotnet\sdk\5.0.301\Extensions\Microsoft.VisualStudio.TestPlatform.Extensions.Trx.TestLogger.dll
TpTrace Verbose: 0 : 52752, 1, 2021/06/21, 23:06:35.229, 6400702564967, vstest.console.dll, TestPluginCache.GetExtensionPaths: Added unfilterableExtensionPaths: 
TpTrace Verbose: 0 : 52752, 1, 2021/06/21, 23:06:35.229, 6400702565300, vstest.console.dll, TestPluginCache.DiscoverTestExtensions: Discovering the extensions using allExtensionPaths: C:\Program Files\dotnet\sdk\5.0.301\Extensions\Microsoft.Diagnostics.NETCore.Client.dll
C:\Program Files\dotnet\sdk\5.0.301\Extensions\Microsoft.TestPlatform.Extensions.BlameDataCollector.dll
C:\Program Files\dotnet\sdk\5.0.301\Extensions\Microsoft.TestPlatform.Extensions.EventLogCollector.dll
C:\Program Files\dotnet\sdk\5.0.301\Extensions\Microsoft.TestPlatform.TestHostRuntimeProvider.dll
C:\Program Files\dotnet\sdk\5.0.301\Extensions\Microsoft.VisualStudio.TestPlatform.Extensions.Html.TestLogger.dll
C:\Program Files\dotnet\sdk\5.0.301\Extensions\Microsoft.VisualStudio.TestPlatform.Extensions.Trx.TestLogger.dll
TpTrace Information: 0 : 52752, 1, 2021/06/21, 23:06:35.229, 6400702565713, vstest.console.dll, AssemblyResolver.AddSearchDirectories: Adding more searchDirectories C:\Program Files\dotnet\sdk\5.0.301\Extensions,C:\Program Files\dotnet\sdk\5.0.301
TpTrace Information: 0 : 52752, 1, 2021/06/21, 23:06:35.229, 6400702566072, vstest.console.dll, AssemblyResolver.AddSearchDirectories: Adding more searchDirectories C:\Program Files\dotnet\sdk\5.0.301\Extensions,C:\Program Files\dotnet\sdk\5.0.301
TpTrace Information: 0 : 52752, 1, 2021/06/21, 23:06:35.229, 6400702566356, vstest.console.dll, AssemblyResolver.AddSearchDirectories: Adding more searchDirectories C:\Program Files\dotnet\sdk\5.0.301\Extensions,C:\Program Files\dotnet\sdk\5.0.301
TpTrace Information: 0 : 52752, 1, 2021/06/21, 23:06:35.229, 6400702566629, vstest.console.dll, AssemblyResolver.AddSearchDirectories: Adding more searchDirectories C:\Program Files\dotnet\sdk\5.0.301\Extensions,C:\Program Files\dotnet\sdk\5.0.301
TpTrace Information: 0 : 52752, 1, 2021/06/21, 23:06:35.230, 6400702572888, vstest.console.dll, AssemblyResolver.AddSearchDirectories: Adding more searchDirectories C:\Program Files\dotnet\sdk\5.0.301\Extensions,C:\Program Files\dotnet\sdk\5.0.301
TpTrace Information: 0 : 52752, 1, 2021/06/21, 23:06:35.230, 6400702573402, vstest.console.dll, AssemblyResolver.AddSearchDirectories: Adding more searchDirectories C:\Program Files\dotnet\sdk\5.0.301\Extensions,C:\Program Files\dotnet\sdk\5.0.301
TpTrace Information: 0 : 52752, 1, 2021/06/21, 23:06:35.231, 6400702578617, vstest.console.dll, AssemblyResolver.OnResolve: Microsoft.Bcl.AsyncInterfaces: Resolving assembly.
TpTrace Information: 0 : 52752, 1, 2021/06/21, 23:06:35.231, 6400702579698, vstest.console.dll, AssemblyResolver.OnResolve: Microsoft.Bcl.AsyncInterfaces: Resolved from cache.
TpTrace Verbose: 0 : 52752, 1, 2021/06/21, 23:06:35.231, 6400702580111, vstest.console.dll, CurrentDomainAssemblyResolve: Resolving assembly 'Microsoft.Bcl.AsyncInterfaces'.
TpTrace Information: 0 : 52752, 1, 2021/06/21, 23:06:35.231, 6400702580712, vstest.console.dll, AssemblyResolver.OnResolve: Microsoft.Bcl.AsyncInterfaces: Resolving assembly.
TpTrace Information: 0 : 52752, 1, 2021/06/21, 23:06:35.231, 6400702581017, vstest.console.dll, AssemblyResolver.OnResolve: Microsoft.Bcl.AsyncInterfaces: Resolved from cache.
TpTrace Verbose: 0 : 52752, 1, 2021/06/21, 23:06:35.231, 6400702581357, vstest.console.dll, CurrentDomainAssemblyResolve: Resolving assembly 'Microsoft.Bcl.AsyncInterfaces'.
TpTrace Verbose: 0 : 52752, 1, 2021/06/21, 23:06:35.231, 6400702581656, vstest.console.dll, CurrentDomainAssemblyResolve: Failed to resolve assembly 'Microsoft.Bcl.AsyncInterfaces'.
TpTrace Verbose: 0 : 52752, 1, 2021/06/21, 23:06:35.231, 6400702584518, vstest.console.dll, CurrentDomainAssemblyResolve: Failed to resolve assembly 'Microsoft.Bcl.AsyncInterfaces'.
TpTrace Warning: 0 : 52752, 1, 2021/06/21, 23:06:35.232, 6400702595397, vstest.console.dll, TestPluginDiscoverer: Failed to get types from assembly 'Microsoft.Diagnostics.NETCore.Client, Version=0.2.2.41902, Culture=neutral, PublicKeyToken=31bf3856ad364e35'.  Skipping test extension scan for this assembly.  Error: System.Reflection.ReflectionTypeLoadException: Unable to load one or more of the requested types.
Could not load file or assembly 'Microsoft.Bcl.AsyncInterfaces, Version=1.0.0.0, Culture=neutral, PublicKeyToken=cc7b13ffcd2ddd51'. Не удается найти указанный файл.
   at System.Reflection.RuntimeModule.GetTypes(RuntimeModule module)
   at System.Reflection.RuntimeModule.GetTypes()
   at System.Reflection.Assembly.GetTypes()
   at Microsoft.VisualStudio.TestPlatform.Common.ExtensionFramework.TestPluginDiscoverer.GetTestExtensionsFromAssembly[TPluginInfo,TExtension](Assembly assembly, Dictionary`2 pluginInfos)
System.IO.FileNotFoundException: Could not load file or assembly 'Microsoft.Bcl.AsyncInterfaces, Version=1.0.0.0, Culture=neutral, PublicKeyToken=cc7b13ffcd2ddd51'. Не удается найти указанный файл.
File name: 'Microsoft.Bcl.AsyncInterfaces, Version=1.0.0.0, Culture=neutral, PublicKeyToken=cc7b13ffcd2ddd51'
TpTrace Warning: 0 : 52752, 1, 2021/06/21, 23:06:35.232, 6400702596345, vstest.console.dll, LoaderExceptions: System.IO.FileNotFoundException: Could not load file or assembly 'Microsoft.Bcl.AsyncInterfaces, Version=1.0.0.0, Culture=neutral, PublicKeyToken=cc7b13ffcd2ddd51'. Не удается найти указанный файл.
File name: 'Microsoft.Bcl.AsyncInterfaces, Version=1.0.0.0, Culture=neutral, PublicKeyToken=cc7b13ffcd2ddd51'
TpTrace Verbose: 0 : 52752, 1, 2021/06/21, 23:06:35.233, 6400702600764, vstest.console.dll, TestPluginCache: Discovered the extensions using extension path ''.
TpTrace Verbose: 0 : 52752, 1, 2021/06/21, 23:06:35.233, 6400702601379, vstest.console.dll, TestPluginCache: Discoverers are ''.
TpTrace Verbose: 0 : 52752, 1, 2021/06/21, 23:06:35.233, 6400702601863, vstest.console.dll, TestPluginCache: Executors are ''.
TpTrace Verbose: 0 : 52752, 1, 2021/06/21, 23:06:35.233, 6400702602106, vstest.console.dll, TestPluginCache: Executors2 are ''.
TpTrace Verbose: 0 : 52752, 1, 2021/06/21, 23:06:35.233, 6400702602394, vstest.console.dll, TestPluginCache: Setting providers are ''.
TpTrace Verbose: 0 : 52752, 1, 2021/06/21, 23:06:35.233, 6400702603233, vstest.console.dll, TestPluginCache: Loggers are 'logger://Microsoft/TestPlatform/Extensions/Blame/v1,logger://Microsoft/TestPlatform/HtmlLogger/v1,logger://Microsoft/TestPlatform/TrxLogger/v1'.
TpTrace Information: 0 : 52752, 1, 2021/06/21, 23:06:35.234, 6400702612849, vstest.console.dll, TestPluginManager.CreateTestExtension: Attempting to load test extension: Microsoft.TestPlatform.Extensions.BlameDataCollector.BlameLogger
TpTrace Information: 0 : 52752, 1, 2021/06/21, 23:06:35.243, 6400702706678, vstest.console.dll, TestPluginManager.CreateTestExtension: Attempting to load test extension: Microsoft.VisualStudio.TestPlatform.CrossPlatEngine.Hosting.DefaultTestHostManager
TpTrace Information: 0 : 52752, 1, 2021/06/21, 23:06:35.244, 6400702709369, vstest.console.dll, TestPluginManager.CreateTestExtension: Attempting to load test extension: Microsoft.VisualStudio.TestPlatform.CrossPlatEngine.Hosting.DotnetTestHostManager
TpTrace Verbose: 0 : 52752, 1, 2021/06/21, 23:06:35.244, 6400702715311, vstest.console.dll, TestEngine: Initializing Parallel Execution as MaxCpuCount is set to: 1
TpTrace Information: 0 : 52752, 1, 2021/06/21, 23:06:35.245, 6400702719905, vstest.console.dll, InferRunSettingsHelper.IsTestSettingsEnabled: Unable to navigate to RunSettings/MSTest. Current node: RunSettings
TpTrace Verbose: 0 : 52752, 1, 2021/06/21, 23:06:35.259, 6400702859232, vstest.console.dll, TestRequestSender is acting as server
TpTrace Verbose: 0 : 52752, 4, 2021/06/21, 23:06:35.268, 6400702950637, vstest.console.dll, DataCollectionRequestSender.InitializeCommunication : Initialize communication. 
TpTrace Information: 0 : 52752, 4, 2021/06/21, 23:06:35.287, 6400703145294, vstest.console.dll, Listening on Endpoint : 127.0.0.1:54422
TpTrace Verbose: 0 : 52752, 4, 2021/06/21, 23:06:35.301, 6400703277978, vstest.console.dll, DotnetDataCollectionLauncher: Full path of dotnet.exe is C:\Program Files\dotnet\dotnet.exe
TpTrace Verbose: 0 : 52752, 4, 2021/06/21, 23:06:35.301, 6400703281001, vstest.console.dll, DotnetDataCollectionLauncher: Adding  --runtimeconfig "C:\Program Files\dotnet\sdk\5.0.301\datacollector.runtimeconfig.json" in args
TpTrace Verbose: 0 : 52752, 4, 2021/06/21, 23:06:35.301, 6400703282763, vstest.console.dll, DotnetDataCollectionLauncher: Adding  --depsfile "C:\Program Files\dotnet\sdk\5.0.301\datacollector.deps.json" in args
TpTrace Information: 0 : 52752, 4, 2021/06/21, 23:06:35.311, 6400703387428, vstest.console.dll, ProxyDataCollectionManager.Initialize: Launched datacollector processId: 33508 port: 54422
TpTrace Information: 0 : 52752, 4, 2021/06/21, 23:06:35.314, 6400703408952, vstest.console.dll, ProxyDataCollectionManager.Initialize: waiting for connection with timeout: 90 seconds
TpTrace Verbose: 0 : 52752, 4, 2021/06/21, 23:06:35.314, 6400703410246, vstest.console.dll, DataCollectionRequestSender.WaitForRequestHandlerConnection : Waiting for connection with timeout: 90000
TpTrace Information: 0 : 52752, 7, 2021/06/21, 23:06:35.549, 6400705764266, vstest.console.dll, Using the buffer size of 16384 bytes
TpTrace Verbose: 0 : 52752, 4, 2021/06/21, 23:06:35.549, 6400705764719, vstest.console.dll, ProxyDataCollectionManager.InvokeDataCollectionServiceAction: Starting.
TpTrace Information: 0 : 52752, 7, 2021/06/21, 23:06:35.549, 6400705765247, vstest.console.dll, Accepted Client request and set the flag
TpTrace Information: 0 : 52752, 4, 2021/06/21, 23:06:35.549, 6400705766166, vstest.console.dll, ProxyDataCollectionManager.BeforeTestRunStart: Get environment variable and port for datacollector processId: 33508 port: 54422
TpTrace Verbose: 0 : 52752, 4, 2021/06/21, 23:06:35.549, 6400705767199, vstest.console.dll, DataCollectionRequestSender.SendBeforeTestRunStartAndGetResult : Send BeforeTestRunStart message with settingsXml <RunSettings><RunConfiguration><ResultsDirectory>D:\1. WORK\ANKO\Zoo Lab\ZooTest\bin\Debug\netcoreapp3.1\fine-code-coverage\coverage-tool-output</ResultsDirectory><TargetPlatform>X64</TargetPlatform><TargetFrameworkVersion>.NETCoreApp,Version=v3.1</TargetFrameworkVersion><DesignMode>False</DesignMode><CollectSourceInformation>False</CollectSourceInformation><TestAdaptersPaths>C:\Program Files\dotnet\sdk\5.0.301\Extensions</TestAdaptersPaths></RunConfiguration><LoggerRunSettings><Loggers><Logger friendlyName="blame" enabled="True" /><Logger friendlyName="Console" uri="logger://microsoft/TestPlatform/ConsoleLogger/v1" assemblyQualifiedName="Microsoft.VisualStudio.TestPlatform.CommandLine.Internal.ConsoleLogger, vstest.console, Version=15.0.0.0, Culture=neutral, PublicKeyToken=b03f5f7f11d50a3a" codeBase="C:\Program Files\dotnet\sdk\5.0.301\vstest.console.dll" enabled="True" /></Loggers></LoggerRunSettings><DataCollectionRunSettings><DataCollectors><DataCollector friendlyName="blame" enabled="True"><Configuration><ResultsDirectory>D:\1. WORK\ANKO\Zoo Lab\ZooTest\bin\Debug\netcoreapp3.1\fine-code-coverage\coverage-tool-output</ResultsDirectory></Configuration></DataCollector></DataCollectors></DataCollectionRunSettings></RunSettings> and sources System.Linq.Enumerable+Concat2Iterator`1[System.String]: 
TpTrace Verbose: 0 : 52752, 4, 2021/06/21, 23:06:35.625, 6400706521785, vstest.console.dll, DataCollectionRequestSender.SendBeforeTestRunStartAndGetResult : Received message: (DataCollection.SendMessage) -> {
  "FriendlyName": null,
  "Uri": null,
  "TestCaseId": "00000000-0000-0000-0000-000000000000",
  "Message": "Logging DataCollector Diagnostics in file: D:\\1. WORK\\ANKO\\Zoo Lab\\ZooTest\\bin\\Debug\\netcoreapp3.1\\fine-code-coverage\\coverage-tool-output\\diagnostics.datacollector.21-06-21_23-06-35_29618_4.log",
  "Level": 0
}
TpTrace Information: 0 : 52752, 4, 2021/06/21, 23:06:35.631, 6400706582202, vstest.console.dll, AssemblyResolver.OnResolve: Microsoft.VisualStudio.TestPlatform.Common.resources: Resolving assembly.
TpTrace Information: 0 : 52752, 4, 2021/06/21, 23:06:35.631, 6400706583155, vstest.console.dll, AssemblyResolver.OnResolve: Microsoft.VisualStudio.TestPlatform.Common.resources: Searching in: 'C:\Program Files\dotnet\sdk\5.0.301\Extensions'.
TpTrace Information: 0 : 52752, 4, 2021/06/21, 23:06:35.631, 6400706584033, vstest.console.dll, AssemblyResolver.OnResolve: Microsoft.VisualStudio.TestPlatform.Common.resources: Assembly path does not exist: 'C:\Program Files\dotnet\sdk\5.0.301\Extensions\Microsoft.VisualStudio.TestPlatform.Common.resources.dll', returning.
TpTrace Information: 0 : 52752, 4, 2021/06/21, 23:06:35.631, 6400706584784, vstest.console.dll, AssemblyResolver.OnResolve: Microsoft.VisualStudio.TestPlatform.Common.resources: Assembly path does not exist: 'C:\Program Files\dotnet\sdk\5.0.301\Extensions\Microsoft.VisualStudio.TestPlatform.Common.resources.exe', returning.
TpTrace Information: 0 : 52752, 4, 2021/06/21, 23:06:35.631, 6400706585131, vstest.console.dll, AssemblyResolver.OnResolve: Microsoft.VisualStudio.TestPlatform.Common.resources: Searching in: 'C:\Program Files\dotnet\sdk\5.0.301'.
TpTrace Information: 0 : 52752, 4, 2021/06/21, 23:06:35.631, 6400706585758, vstest.console.dll, AssemblyResolver.OnResolve: Microsoft.VisualStudio.TestPlatform.Common.resources: Assembly path does not exist: 'C:\Program Files\dotnet\sdk\5.0.301\Microsoft.VisualStudio.TestPlatform.Common.resources.dll', returning.
TpTrace Information: 0 : 52752, 4, 2021/06/21, 23:06:35.631, 6400706586455, vstest.console.dll, AssemblyResolver.OnResolve: Microsoft.VisualStudio.TestPlatform.Common.resources: Assembly path does not exist: 'C:\Program Files\dotnet\sdk\5.0.301\Microsoft.VisualStudio.TestPlatform.Common.resources.exe', returning.
TpTrace Information: 0 : 52752, 4, 2021/06/21, 23:06:35.631, 6400706586811, vstest.console.dll, AssemblyResolver.OnResolve: Microsoft.VisualStudio.TestPlatform.Common.resources: Failed to load assembly.
TpTrace Verbose: 0 : 52752, 4, 2021/06/21, 23:06:35.695, 6400707218598, vstest.console.dll, DataCollectionRequestSender.SendBeforeTestRunStartAndGetResult : Received message: (DataCollection.BeforeTestRunStartResult) -> {
  "EnvironmentVariables": {},
  "DataCollectionEventsPort": 54424
}
TpTrace Information: 0 : 52752, 4, 2021/06/21, 23:06:35.699, 6400707263762, vstest.console.dll, ProxyDataCollectionManager.BeforeTestRunStart: SendBeforeTestRunStartAndGetResult successful, env variable from datacollector:   and testhost port: 54424
TpTrace Information: 0 : 52752, 4, 2021/06/21, 23:06:35.699, 6400707264907, vstest.console.dll, ProxyDataCollectionManager.InvokeDataCollectionServiceAction: Completed.
TpTrace Verbose: 0 : 52752, 1, 2021/06/21, 23:06:35.699, 6400707266473, vstest.console.dll, TestRunRequest.ExecuteAsync: Creating test run request.
TpTrace Verbose: 0 : 52752, 1, 2021/06/21, 23:06:35.700, 6400707269177, vstest.console.dll, TestRunRequest.ExecuteAsync: Starting.
TpTrace Information: 0 : 52752, 1, 2021/06/21, 23:06:35.700, 6400707271716, vstest.console.dll, TestRunRequest.ExecuteAsync: Starting run with settings:TestRunCriteria:
   KeepAlive=False,FrequencyOfRunStatsChangeEvent=10,RunStatsChangeEventTimeout=00:00:01.5000000,TestCaseFilter=,TestExecutorLauncher=
   Settingsxml=<RunSettings>
  <RunConfiguration>
    <ResultsDirectory>D:\1. WORK\ANKO\Zoo Lab\ZooTest\bin\Debug\netcoreapp3.1\fine-code-coverage\coverage-tool-output</ResultsDirectory>
    <TargetPlatform>X64</TargetPlatform>
    <TargetFrameworkVersion>.NETCoreApp,Version=v3.1</TargetFrameworkVersion>
    <DesignMode>False</DesignMode>
    <CollectSourceInformation>False</CollectSourceInformation>
  </RunConfiguration>
  <LoggerRunSettings>
    <Loggers>
      <Logger friendlyName="blame" enabled="True" />
      <Logger friendlyName="Console" uri="logger://microsoft/TestPlatform/ConsoleLogger/v1" assemblyQualifiedName="Microsoft.VisualStudio.TestPlatform.CommandLine.Internal.ConsoleLogger, vstest.console, Version=15.0.0.0, Culture=neutral, PublicKeyToken=b03f5f7f11d50a3a" codeBase="C:\Program Files\dotnet\sdk\5.0.301\vstest.console.dll" enabled="True" />
    </Loggers>
  </LoggerRunSettings>
  <DataCollectionRunSettings>
    <DataCollectors>
      <DataCollector friendlyName="blame" enabled="True">
        <Configuration>
          <ResultsDirectory>D:\1. WORK\ANKO\Zoo Lab\ZooTest\bin\Debug\netcoreapp3.1\fine-code-coverage\coverage-tool-output</ResultsDirectory>
        </Configuration>
      </DataCollector>
    </DataCollectors>
  </DataCollectionRunSettings>
</RunSettings>

TpTrace Verbose: 0 : 52752, 1, 2021/06/21, 23:06:35.700, 6400707272260, vstest.console.dll, TestRunRequest.ExecuteAsync: Wait for the first run request is over.
TpTrace Verbose: 0 : 52752, 1, 2021/06/21, 23:06:35.700, 6400707276080, vstest.console.dll, ParallelProxyExecutionManager: Start execution. Total sources: 1
TpTrace Information: 0 : 52752, 1, 2021/06/21, 23:06:35.701, 6400707281547, vstest.console.dll, ProxyParallelExecutionManager: Triggering test run for next source: D:\1. WORK\ANKO\Zoo Lab\ZooTest\bin\Debug\netcoreapp3.1\fine-code-coverage\build-output\ZooTest.dll
TpTrace Verbose: 0 : 52752, 4, 2021/06/21, 23:06:35.701, 6400707283103, vstest.console.dll, ParallelProxyExecutionManager: Execution started. Started clients: 1
TpTrace Verbose: 0 : 52752, 1, 2021/06/21, 23:06:35.701, 6400707283512, vstest.console.dll, ProxyParallelExecutionManager: No sources available for execution.
TpTrace Information: 0 : 52752, 1, 2021/06/21, 23:06:35.701, 6400707284131, vstest.console.dll, TestRunRequest.ExecuteAsync: Started.
TpTrace Verbose: 0 : 52752, 1, 2021/06/21, 23:06:35.701, 6400707284787, vstest.console.dll, TestRunRequest.WaitForCompletion: Waiting with timeout -1.
TpTrace Verbose: 0 : 52752, 4, 2021/06/21, 23:06:35.701, 6400707285989, vstest.console.dll, TestRunRequest:SendTestRunMessage: Starting.
TpTrace Information: 0 : 52752, 4, 2021/06/21, 23:06:35.701, 6400707287092, vstest.console.dll, TestRunRequest:SendTestRunMessage: Completed.
TpTrace Verbose: 0 : 52752, 4, 2021/06/21, 23:06:35.702, 6400707288993, vstest.console.dll, ProxyExecutionManager: Test host is always Lazy initialize.
TpTrace Verbose: 0 : 52752, 4, 2021/06/21, 23:06:35.702, 6400707291204, vstest.console.dll, TestRequestSender.InitializeCommunication: initialize communication. 
TpTrace Information: 0 : 52752, 4, 2021/06/21, 23:06:35.702, 6400707296042, vstest.console.dll, SocketServer.Start: Listening on endpoint : 127.0.0.1:54425
TpTrace Verbose: 0 : 52752, 4, 2021/06/21, 23:06:35.703, 6400707301920, vstest.console.dll, DotnetTestHostmanager: Adding  --runtimeconfig "D:\1. WORK\ANKO\Zoo Lab\ZooTest\bin\Debug\netcoreapp3.1\fine-code-coverage\build-output\ZooTest.runtimeconfig.json" in args
TpTrace Verbose: 0 : 52752, 4, 2021/06/21, 23:06:35.703, 6400707302538, vstest.console.dll, DotnetTestHostmanager: Adding  --depsfile "D:\1. WORK\ANKO\Zoo Lab\ZooTest\bin\Debug\netcoreapp3.1\fine-code-coverage\build-output\ZooTest.deps.json" in args
TpTrace Information: 0 : 52752, 4, 2021/06/21, 23:06:35.703, 6400707304999, vstest.console.dll, AssemblyResolver.OnResolve: Microsoft.Extensions.DependencyModel: Resolving assembly.
TpTrace Information: 0 : 52752, 4, 2021/06/21, 23:06:35.703, 6400707306043, vstest.console.dll, AssemblyResolver.OnResolve: Microsoft.Extensions.DependencyModel: Searching in: 'C:\Program Files\dotnet\sdk\5.0.301\Extensions'.
TpTrace Information: 0 : 52752, 4, 2021/06/21, 23:06:35.703, 6400707307558, vstest.console.dll, AssemblyResolver.OnResolve: Microsoft.Extensions.DependencyModel: Assembly path does not exist: 'C:\Program Files\dotnet\sdk\5.0.301\Extensions\Microsoft.Extensions.DependencyModel.dll', returning.
TpTrace Information: 0 : 52752, 4, 2021/06/21, 23:06:35.704, 6400707309255, vstest.console.dll, AssemblyResolver.OnResolve: Microsoft.Extensions.DependencyModel: Assembly path does not exist: 'C:\Program Files\dotnet\sdk\5.0.301\Extensions\Microsoft.Extensions.DependencyModel.exe', returning.
TpTrace Information: 0 : 52752, 4, 2021/06/21, 23:06:35.704, 6400707309951, vstest.console.dll, AssemblyResolver.OnResolve: Microsoft.Extensions.DependencyModel: Searching in: 'C:\Program Files\dotnet\sdk\5.0.301'.
TpTrace Information: 0 : 52752, 4, 2021/06/21, 23:06:35.704, 6400707314607, vstest.console.dll, AssemblyResolver.OnResolve: Microsoft.Extensions.DependencyModel: Loading assembly 'C:\Program Files\dotnet\sdk\5.0.301\Microsoft.Extensions.DependencyModel.dll'.
TpTrace Information: 0 : 52752, 4, 2021/06/21, 23:06:35.705, 6400707321323, vstest.console.dll, AssemblyResolver.OnResolve: Resolved assembly: Microsoft.Extensions.DependencyModel, from path: C:\Program Files\dotnet\sdk\5.0.301\Microsoft.Extensions.DependencyModel.dll
TpTrace Verbose: 0 : 52752, 4, 2021/06/21, 23:06:35.705, 6400707323690, vstest.console.dll, DotnetTestHostmanager: Reading file D:\1. WORK\ANKO\Zoo Lab\ZooTest\bin\Debug\netcoreapp3.1\fine-code-coverage\build-output\ZooTest.deps.json to get path of testhost.dll
TpTrace Verbose: 0 : 52752, 4, 2021/06/21, 23:06:35.734, 6400707610703, vstest.console.dll, DotnetTestHostmanager: Relative path of testhost.dll with respect to package folder is microsoft.testplatform.testhost/16.5.0\lib/netcoreapp2.1/testhost.dll
TpTrace Verbose: 0 : 52752, 4, 2021/06/21, 23:06:35.735, 6400707619322, vstest.console.dll, DotnetTestHostmanager: Looking for path microsoft.testplatform.testhost/16.5.0\lib/netcoreapp2.1/testhost.dll in folder C:\Users\Acer\.dotnet\store\|arch|\|tfm|
TpTrace Verbose: 0 : 52752, 4, 2021/06/21, 23:06:35.735, 6400707620719, vstest.console.dll, DotnetTestHostmanager: Looking for path microsoft.testplatform.testhost/16.5.0\lib/netcoreapp2.1/testhost.dll in folder C:\Users\Acer\.nuget\packages
TpTrace Verbose: 0 : 52752, 4, 2021/06/21, 23:06:35.735, 6400707622635, vstest.console.dll, DotnetTestHostManager: Testhost.exe/testhost.x86.exe found at path: C:\Users\Acer\.nuget\packages\microsoft.testplatform.testhost\16.5.0\build\netcoreapp2.1\x64\testhost.exe
TpTrace Verbose: 0 : 52752, 4, 2021/06/21, 23:06:35.735, 6400707623130, vstest.console.dll, DotnetTestHostmanager: Full path of host exe is C:\Users\Acer\.nuget\packages\microsoft.testplatform.testhost\16.5.0\build\netcoreapp2.1\x64\testhost.exe
TpTrace Verbose: 0 : 52752, 6, 2021/06/21, 23:06:35.736, 6400707633678, vstest.console.dll, DotnetTestHostManager: Starting process 'C:\Users\Acer\.nuget\packages\microsoft.testplatform.testhost\16.5.0\build\netcoreapp2.1\x64\testhost.exe' with command line ' --runtimeconfig "D:\1. WORK\ANKO\Zoo Lab\ZooTest\bin\Debug\netcoreapp3.1\fine-code-coverage\build-output\ZooTest.runtimeconfig.json" --depsfile "D:\1. WORK\ANKO\Zoo Lab\ZooTest\bin\Debug\netcoreapp3.1\fine-code-coverage\build-output\ZooTest.deps.json" --port 54425 --endpoint 127.0.0.1:054425 --role client --parentprocessid 52752 --diag "D:\1. WORK\ANKO\Zoo Lab\ZooTest\bin\Debug\netcoreapp3.1\fine-code-coverage\coverage-tool-output\diagnostics.host.21-06-21_23-06-35_70309_4.log" --tracelevel 4 --datacollectionport 54424 --telemetryoptedin false'
TpTrace Verbose: 0 : 52752, 6, 2021/06/21, 23:06:35.744, 6400707708730, vstest.console.dll, Test Runtime launched
TpTrace Verbose: 0 : 52752, 4, 2021/06/21, 23:06:35.745, 6400707725327, vstest.console.dll, TestRequestSender.WaitForRequestHandlerConnection: waiting for connection with timeout: 90000
TpTrace Verbose: 0 : 52752, 6, 2021/06/21, 23:06:35.918, 6400709456949, vstest.console.dll, SocketServer.OnClientConnected: Client connected for endPoint: 127.0.0.1:54425, starting MessageLoopAsync:
TpTrace Verbose: 0 : 52752, 6, 2021/06/21, 23:06:35.919, 6400709459791, vstest.console.dll, TcpClientExtensions.MessageLoopAsync: Polling on remoteEndPoint: 127.0.0.1:54426 localEndPoint: 127.0.0.1:54425
TpTrace Verbose: 0 : 52752, 6, 2021/06/21, 23:06:36.085, 6400711121578, vstest.console.dll, TcpClientExtensions.MessageLoopAsync: NotifyDataAvailable remoteEndPoint: 127.0.0.1:54426 localEndPoint: 127.0.0.1:54425
TpTrace Verbose: 0 : 52752, 6, 2021/06/21, 23:06:36.085, 6400711123978, vstest.console.dll, TestRequestSender.CheckVersionWithTestHost: onMessageReceived received message: (ProtocolVersion) -> 2
TpTrace Verbose: 0 : 52752, 6, 2021/06/21, 23:06:36.086, 6400711127961, vstest.console.dll, TcpClientExtensions.MessageLoopAsync: Polling on remoteEndPoint: 127.0.0.1:54426 localEndPoint: 127.0.0.1:54425
TpTrace Verbose: 0 : 52752, 4, 2021/06/21, 23:06:36.086, 6400711128917, vstest.console.dll, TestPluginCache.GetExtensionPaths: Filtered extension paths: 
TpTrace Verbose: 0 : 52752, 4, 2021/06/21, 23:06:36.086, 6400711129626, vstest.console.dll, TestPluginCache.GetExtensionPaths: Added default extension paths: C:\Program Files\dotnet\sdk\5.0.301\Extensions\Microsoft.Diagnostics.NETCore.Client.dll
C:\Program Files\dotnet\sdk\5.0.301\Extensions\Microsoft.TestPlatform.Extensions.BlameDataCollector.dll
C:\Program Files\dotnet\sdk\5.0.301\Extensions\Microsoft.TestPlatform.Extensions.EventLogCollector.dll
C:\Program Files\dotnet\sdk\5.0.301\Extensions\Microsoft.TestPlatform.TestHostRuntimeProvider.dll
C:\Program Files\dotnet\sdk\5.0.301\Extensions\Microsoft.VisualStudio.TestPlatform.Extensions.Html.TestLogger.dll
C:\Program Files\dotnet\sdk\5.0.301\Extensions\Microsoft.VisualStudio.TestPlatform.Extensions.Trx.TestLogger.dll
TpTrace Verbose: 0 : 52752, 4, 2021/06/21, 23:06:36.086, 6400711129931, vstest.console.dll, TestPluginCache.GetExtensionPaths: Added unfilterableExtensionPaths: 
TpTrace Verbose: 0 : 52752, 4, 2021/06/21, 23:06:36.090, 6400711173847, vstest.console.dll, TestRequestSender.InitializeExecution: Sending initializing execution with message: {"Version":2,"MessageType":"TestExecution.Initialize","Payload":["D:\\1. WORK\\ANKO\\Zoo Lab\\ZooTest\\bin\\Debug\\netcoreapp3.1\\fine-code-coverage\\build-output\\xunit.runner.visualstudio.dotnetcore.testadapter.dll"]}
TpTrace Verbose: 0 : 52752, 4, 2021/06/21, 23:06:36.099, 6400711262674, vstest.console.dll, TestRequestSender.StartTestRun: Sending test run with message: {"Version":2,"MessageType":"TestExecution.StartWithSources","Payload":{"AdapterSourceMap":{"_none_":["D:\\1. WORK\\ANKO\\Zoo Lab\\ZooTest\\bin\\Debug\\netcoreapp3.1\\fine-code-coverage\\build-output\\ZooTest.dll"]},"RunSettings":"<RunSettings>\r\n  <RunConfiguration>\r\n    <ResultsDirectory>D:\\1. WORK\\ANKO\\Zoo Lab\\ZooTest\\bin\\Debug\\netcoreapp3.1\\fine-code-coverage\\coverage-tool-output</ResultsDirectory>\r\n    <TargetPlatform>X64</TargetPlatform>\r\n    <TargetFrameworkVersion>.NETCoreApp,Version=v3.1</TargetFrameworkVersion>\r\n    <DesignMode>False</DesignMode>\r\n    <CollectSourceInformation>False</CollectSourceInformation>\r\n  </RunConfiguration>\r\n  <LoggerRunSettings>\r\n    <Loggers>\r\n      <Logger friendlyName=\"blame\" enabled=\"True\" />\r\n      <Logger friendlyName=\"Console\" uri=\"logger://microsoft/TestPlatform/ConsoleLogger/v1\" assemblyQualifiedName=\"Microsoft.VisualStudio.TestPlatform.CommandLine.Internal.ConsoleLogger, vstest.console, Version=15.0.0.0, Culture=neutral, PublicKeyToken=b03f5f7f11d50a3a\" codeBase=\"C:\\Program Files\\dotnet\\sdk\\5.0.301\\vstest.console.dll\" enabled=\"True\" />\r\n    </Loggers>\r\n  </LoggerRunSettings>\r\n  <DataCollectionRunSettings>\r\n    <DataCollectors>\r\n      <DataCollector friendlyName=\"blame\" enabled=\"True\">\r\n        <Configuration>\r\n          <ResultsDirectory>D:\\1. WORK\\ANKO\\Zoo Lab\\ZooTest\\bin\\Debug\\netcoreapp3.1\\fine-code-coverage\\coverage-tool-output</ResultsDirectory>\r\n        </Configuration>\r\n      </DataCollector>\r\n    </DataCollectors>\r\n  </DataCollectionRunSettings>\r\n</RunSettings>","TestExecutionContext":{"FrequencyOfRunStatsChangeEvent":10,"RunStatsChangeEventTimeout":"00:00:01.5000000","InIsolation":false,"KeepAlive":false,"AreTestCaseLevelEventsRequired":false,"IsDebug":false,"TestCaseFilter":null,"FilterOptions":null},"Package":null}}
TpTrace Verbose: 0 : 52752, 6, 2021/06/21, 23:06:36.109, 6400711364954, vstest.console.dll, TcpClientExtensions.MessageLoopAsync: NotifyDataAvailable remoteEndPoint: 127.0.0.1:54426 localEndPoint: 127.0.0.1:54425
TpTrace Verbose: 0 : 52752, 6, 2021/06/21, 23:06:36.109, 6400711366781, vstest.console.dll, TestRequestSender.OnExecutionMessageReceived: Received message: {"Version":2,"MessageType":"TestSession.Message","Payload":{"MessageLevel":0,"Message":"Ведение журналов диагностики TestHost в файле: D:\\1. WORK\\ANKO\\Zoo Lab\\ZooTest\\bin\\Debug\\netcoreapp3.1\\fine-code-coverage\\coverage-tool-output\\diagnostics.host.21-06-21_23-06-35_70309_4.log"}}
TpTrace Verbose: 0 : 52752, 6, 2021/06/21, 23:06:36.112, 6400711390327, vstest.console.dll, TestRunRequest:SendTestRunMessage: Starting.
TpTrace Information: 0 : 52752, 6, 2021/06/21, 23:06:36.112, 6400711391520, vstest.console.dll, TestRunRequest:SendTestRunMessage: Completed.
TpTrace Verbose: 0 : 52752, 6, 2021/06/21, 23:06:36.112, 6400711391900, vstest.console.dll, TcpClientExtensions.MessageLoopAsync: Polling on remoteEndPoint: 127.0.0.1:54426 localEndPoint: 127.0.0.1:54425
TpTrace Verbose: 0 : 52752, 6, 2021/06/21, 23:06:36.292, 6400713193437, vstest.console.dll, TcpClientExtensions.MessageLoopAsync: NotifyDataAvailable remoteEndPoint: 127.0.0.1:54426 localEndPoint: 127.0.0.1:54425
TpTrace Verbose: 0 : 52752, 6, 2021/06/21, 23:06:36.292, 6400713194734, vstest.console.dll, TestRequestSender.OnExecutionMessageReceived: Received message: {"Version":2,"MessageType":"TestSession.Message","Payload":{"MessageLevel":0,"Message":"[xUnit.net 00:00:00.00] xUnit.net VSTest Adapter v2.4.0 (64-bit .NET Core 3.1.16)"}}
TpTrace Verbose: 0 : 52752, 6, 2021/06/21, 23:06:36.292, 6400713196901, vstest.console.dll, TestRunRequest:SendTestRunMessage: Starting.
TpTrace Information: 0 : 52752, 6, 2021/06/21, 23:06:36.292, 6400713197443, vstest.console.dll, TestRunRequest:SendTestRunMessage: Completed.
TpTrace Verbose: 0 : 52752, 6, 2021/06/21, 23:06:36.292, 6400713197754, vstest.console.dll, TcpClientExtensions.MessageLoopAsync: Polling on remoteEndPoint: 127.0.0.1:54426 localEndPoint: 127.0.0.1:54425
TpTrace Verbose: 0 : 52752, 6, 2021/06/21, 23:06:36.733, 6400717603293, vstest.console.dll, TcpClientExtensions.MessageLoopAsync: NotifyDataAvailable remoteEndPoint: 127.0.0.1:54426 localEndPoint: 127.0.0.1:54425
TpTrace Verbose: 0 : 52752, 6, 2021/06/21, 23:06:36.734, 6400717611333, vstest.console.dll, TestRequestSender.OnExecutionMessageReceived: Received message: {"Version":2,"MessageType":"TestSession.Message","Payload":{"MessageLevel":0,"Message":"[xUnit.net 00:00:00.44]   Discovering: ZooTest"}}
TpTrace Verbose: 0 : 52752, 6, 2021/06/21, 23:06:36.734, 6400717613466, vstest.console.dll, TestRunRequest:SendTestRunMessage: Starting.
TpTrace Information: 0 : 52752, 6, 2021/06/21, 23:06:36.734, 6400717613999, vstest.console.dll, TestRunRequest:SendTestRunMessage: Completed.
TpTrace Verbose: 0 : 52752, 6, 2021/06/21, 23:06:36.734, 6400717614290, vstest.console.dll, TcpClientExtensions.MessageLoopAsync: Polling on remoteEndPoint: 127.0.0.1:54426 localEndPoint: 127.0.0.1:54425
TpTrace Verbose: 0 : 52752, 6, 2021/06/21, 23:06:36.780, 6400718069772, vstest.console.dll, TcpClientExtensions.MessageLoopAsync: NotifyDataAvailable remoteEndPoint: 127.0.0.1:54426 localEndPoint: 127.0.0.1:54425
TpTrace Verbose: 0 : 52752, 6, 2021/06/21, 23:06:36.780, 6400718071366, vstest.console.dll, TestRequestSender.OnExecutionMessageReceived: Received message: {"Version":2,"MessageType":"TestSession.Message","Payload":{"MessageLevel":0,"Message":"[xUnit.net 00:00:00.49]   Discovered:  ZooTest"}}
TpTrace Verbose: 0 : 52752, 6, 2021/06/21, 23:06:36.780, 6400718072962, vstest.console.dll, TestRunRequest:SendTestRunMessage: Starting.
TpTrace Information: 0 : 52752, 6, 2021/06/21, 23:06:36.780, 6400718073549, vstest.console.dll, TestRunRequest:SendTestRunMessage: Completed.
TpTrace Verbose: 0 : 52752, 6, 2021/06/21, 23:06:36.780, 6400718073895, vstest.console.dll, TcpClientExtensions.MessageLoopAsync: Polling on remoteEndPoint: 127.0.0.1:54426 localEndPoint: 127.0.0.1:54425
TpTrace Verbose: 0 : 52752, 6, 2021/06/21, 23:06:36.782, 6400718095448, vstest.console.dll, TcpClientExtensions.MessageLoopAsync: NotifyDataAvailable remoteEndPoint: 127.0.0.1:54426 localEndPoint: 127.0.0.1:54425
TpTrace Verbose: 0 : 52752, 6, 2021/06/21, 23:06:36.782, 6400718096196, vstest.console.dll, TestRequestSender.OnExecutionMessageReceived: Received message: {"Version":2,"MessageType":"TestSession.Message","Payload":{"MessageLevel":0,"Message":"[xUnit.net 00:00:00.49]   Starting:    ZooTest"}}
TpTrace Verbose: 0 : 52752, 6, 2021/06/21, 23:06:36.782, 6400718097474, vstest.console.dll, TestRunRequest:SendTestRunMessage: Starting.
TpTrace Information: 0 : 52752, 6, 2021/06/21, 23:06:36.783, 6400718097964, vstest.console.dll, TestRunRequest:SendTestRunMessage: Completed.
TpTrace Verbose: 0 : 52752, 6, 2021/06/21, 23:06:36.783, 6400718098230, vstest.console.dll, TcpClientExtensions.MessageLoopAsync: Polling on remoteEndPoint: 127.0.0.1:54426 localEndPoint: 127.0.0.1:54425
TpTrace Verbose: 0 : 52752, 6, 2021/06/21, 23:06:36.937, 6400719638942, vstest.console.dll, TcpClientExtensions.MessageLoopAsync: NotifyDataAvailable remoteEndPoint: 127.0.0.1:54426 localEndPoint: 127.0.0.1:54425
TpTrace Verbose: 0 : 52752, 6, 2021/06/21, 23:06:36.937, 6400719640788, vstest.console.dll, TestRequestSender.OnExecutionMessageReceived: Received message: {"Version":2,"MessageType":"TestExecution.StatsChange","Payload":{"NewTestResults":[{"TestCase":{"Id":"7f43c83c-2d37-ab53-e7e7-f651992f7b0d","FullyQualifiedName":"ZooTest.Animals.Mammals.BisonTest.ShouldBeAbleToCreateBison","DisplayName":"ZooTest.Animals.Mammals.BisonTest.ShouldBeAbleToCreateBison","ExecutorUri":"executor://xunit/VsTestRunner2/netcoreapp","Source":"D:\\1. WORK\\ANKO\\Zoo Lab\\ZooTest\\bin\\Debug\\netcoreapp3.1\\fine-code-coverage\\build-output\\ZooTest.dll","CodeFilePath":null,"LineNumber":0,"Properties":[]},"Attachments":[],"Outcome":1,"ErrorMessage":null,"ErrorStackTrace":null,"DisplayName":"ZooTest.Animals.Mammals.BisonTest.ShouldBeAbleToCreateBison","Messages":[],"ComputerName":"ALFA","Duration":"00:00:00.0148139","StartTime":"2021-06-21T20:06:36.8725006+00:00","EndTime":"2021-06-21T20:06:36.8725774+00:00","Properties":[]},{"TestCase":{"Id":"725e6fba-c0c5-044a-bb6f-4bad2663b313","FullyQualifiedName":"ZooTest.Animals.Birds.PenguinTest.ShouldBeAbleToCreatePenguin","DisplayName":"ZooTest.Animals.Birds.PenguinTest.ShouldBeAbleToCreatePenguin","ExecutorUri":"executor://xunit/VsTestRunner2/netcoreapp","Source":"D:\\1. WORK\\ANKO\\Zoo Lab\\ZooTest\\bin\\Debug\\netcoreapp3.1\\fine-code-coverage\\build-output\\ZooTest.dll","CodeFilePath":null,"LineNumber":0,"Properties":[]},"Attachments":[],"Outcome":1,"ErrorMessage":null,"ErrorStackTrace":null,"DisplayName":"ZooTest.Animals.Birds.PenguinTest.ShouldBeAbleToCreatePenguin","Messages":[],"ComputerName":"ALFA","Duration":"00:00:00.0150351","StartTime":"2021-06-21T20:06:36.8917544+00:00","EndTime":"2021-06-21T20:06:36.8917554+00:00","Properties":[]},{"TestCase":{"Id":"f0e87d80-2213-4d04-e552-2e76df531138","FullyQualifiedName":"ZooTest.EnclosureTest.ShouldBeAbleToAddFriendlyAnimalsIntoEnclosure","DisplayName":"ZooTest.EnclosureTest.ShouldBeAbleToAddFriendlyAnimalsIntoEnclosure","ExecutorUri":"executor://xunit/VsTestRunner2/netcoreapp","Source":"D:\\1. WORK\\ANKO\\Zoo Lab\\ZooTest\\bin\\Debug\\netcoreapp3.1\\fine-code-coverage\\build-output\\ZooTest.dll","CodeFilePath":null,"LineNumber":0,"Properties":[]},"Attachments":[],"Outcome":1,"ErrorMessage":null,"ErrorStackTrace":null,"DisplayName":"ZooTest.EnclosureTest.ShouldBeAbleToAddFriendlyAnimalsIntoEnclosure","Messages":[],"ComputerName":"ALFA","Duration":"00:00:00.0151347","StartTime":"2021-06-21T20:06:36.8928011+00:00","EndTime":"2021-06-21T20:06:36.892802+00:00","Properties":[]},{"TestCase":{"Id":"dc19d066-7836-2594-cb81-f1b5e863818e","FullyQualifiedName":"ZooTest.Animals.Mammals.ElephantTest.ShouldBeAbleToCreateElephant","DisplayName":"ZooTest.Animals.Mammals.ElephantTest.ShouldBeAbleToCreateElephant","ExecutorUri":"executor://xunit/VsTestRunner2/netcoreapp","Source":"D:\\1. WORK\\ANKO\\Zoo Lab\\ZooTest\\bin\\Debug\\netcoreapp3.1\\fine-code-coverage\\build-output\\ZooTest.dll","CodeFilePath":null,"LineNumber":0,"Properties":[]},"Attachments":[],"Outcome":1,"ErrorMessage":null,"ErrorStackTrace":null,"DisplayName":"ZooTest.Animals.Mammals.ElephantTest.ShouldBeAbleToCreateElephant","Messages":[],"ComputerName":"ALFA","Duration":"00:00:00.0150702","StartTime":"2021-06-21T20:06:36.8935675+00:00","EndTime":"2021-06-21T20:06:36.8935682+00:00","Properties":[]},{"TestCase":{"Id":"50cd0e35-ab9b-6bb0-425f-406d4c9f3764","FullyQualifiedName":"ZooTest.EnclosureTest.ShouldNotBeAbleToAddFriendlyAnimalsIntoFullEnclosure","DisplayName":"ZooTest.EnclosureTest.ShouldNotBeAbleToAddFriendlyAnimalsIntoFullEnclosure","ExecutorUri":"executor://xunit/VsTestRunner2/netcoreapp","Source":"D:\\1. WORK\\ANKO\\Zoo Lab\\ZooTest\\bin\\Debug\\netcoreapp3.1\\fine-code-coverage\\build-output\\ZooTest.dll","CodeFilePath":null,"LineNumber":0,"Properties":[]},"Attachments":[],"Outcome":1,"ErrorMessage":null,"ErrorStackTrace":null,"DisplayName":"ZooTest.EnclosureTest.ShouldNotBeAbleToAddFriendlyAnimalsIntoFullEnclosure","Messages":[],"ComputerName":"ALFA","Duration":"00:00:00.0021009","StartTime":"2021-06-21T20:06:36.8967114+00:00","EndTime":"2021-06-21T20:06:36.8967136+00:00","Properties":[]},{"TestCase":{"Id":"cb4fdf4e-6e28-591a-6263-4ea8647ccff5","FullyQualifiedName":"ZooTest.EnclosureTest.ShouldBeAbleToCreateEnclosure","DisplayName":"ZooTest.EnclosureTest.ShouldBeAbleToCreateEnclosure","ExecutorUri":"executor://xunit/VsTestRunner2/netcoreapp","Source":"D:\\1. WORK\\ANKO\\Zoo Lab\\ZooTest\\bin\\Debug\\netcoreapp3.1\\fine-code-coverage\\build-output\\ZooTest.dll","CodeFilePath":null,"LineNumber":0,"Properties":[]},"Attachments":[],"Outcome":1,"ErrorMessage":null,"ErrorStackTrace":null,"DisplayName":"ZooTest.EnclosureTest.ShouldBeAbleToCreateEnclosure","Messages":[],"ComputerName":"ALFA","Duration":"00:00:00.0002752","StartTime":"2021-06-21T20:06:36.9010245+00:00","EndTime":"2021-06-21T20:06:36.9010273+00:00","Properties":[]},{"TestCase":{"Id":"6c33e95a-41d4-efd9-fc70-58501b55398f","FullyQualifiedName":"ZooTest.EnclosureTest.ShouldBeAbleToCalculateFreeSpace","DisplayName":"ZooTest.EnclosureTest.ShouldBeAbleToCalculateFreeSpace","ExecutorUri":"executor://xunit/VsTestRunner2/netcoreapp","Source":"D:\\1. WORK\\ANKO\\Zoo Lab\\ZooTest\\bin\\Debug\\netcoreapp3.1\\fine-code-coverage\\build-output\\ZooTest.dll","CodeFilePath":null,"LineNumber":0,"Properties":[]},"Attachments":[],"Outcome":1,"ErrorMessage":null,"ErrorStackTrace":null,"DisplayName":"ZooTest.EnclosureTest.ShouldBeAbleToCalculateFreeSpace","Messages":[],"ComputerName":"ALFA","Duration":"00:00:00.0003748","StartTime":"2021-06-21T20:06:36.9028037+00:00","EndTime":"2021-06-21T20:06:36.9028055+00:00","Properties":[]},{"TestCase":{"Id":"d5e394b8-31d9-2b91-bf2c-ac2dd83c3bc9","FullyQualifiedName":"ZooTest.EnclosureTest.ShouldNotBeAbleToAddFriendlyAnimalsIntoFullEnclosureAndConsoleIsNull","DisplayName":"ZooTest.EnclosureTest.ShouldNotBeAbleToAddFriendlyAnimalsIntoFullEnclosureAndConsoleIsNull","ExecutorUri":"executor://xunit/VsTestRunner2/netcoreapp","Source":"D:\\1. WORK\\ANKO\\Zoo Lab\\ZooTest\\bin\\Debug\\netcoreapp3.1\\fine-code-coverage\\build-output\\ZooTest.dll","CodeFilePath":null,"LineNumber":0,"Properties":[]},"Attachments":[],"Outcome":1,"ErrorMessage":null,"ErrorStackTrace":null,"DisplayName":"ZooTest.EnclosureTest.ShouldNotBeAbleToAddFriendlyAnimalsIntoFullEnclosureAndConsoleIsNull","Messages":[],"ComputerName":"ALFA","Duration":"00:00:00.0003646","StartTime":"2021-06-21T20:06:36.9045492+00:00","EndTime":"2021-06-21T20:06:36.9045514+00:00","Properties":[]},{"TestCase":{"Id":"e763188d-8339-5710-0bf8-d9543488e8e9","FullyQualifiedName":"ZooTest.EnclosureTest.ShouldNotBeAbleToAddUnfriendlyAnimalsIntoEnclosure","DisplayName":"ZooTest.EnclosureTest.ShouldNotBeAbleToAddUnfriendlyAnimalsIntoEnclosure","ExecutorUri":"executor://xunit/VsTestRunner2/netcoreapp","Source":"D:\\1. WORK\\ANKO\\Zoo Lab\\ZooTest\\bin\\Debug\\netcoreapp3.1\\fine-code-coverage\\build-output\\ZooTest.dll","CodeFilePath":null,"LineNumber":0,"Properties":[]},"Attachments":[],"Outcome":1,"ErrorMessage":null,"ErrorStackTrace":null,"DisplayName":"ZooTest.EnclosureTest.ShouldNotBeAbleToAddUnfriendlyAnimalsIntoEnclosure","Messages":[],"ComputerName":"ALFA","Duration":"00:00:00.0004374","StartTime":"2021-06-21T20:06:36.9070423+00:00","EndTime":"2021-06-21T20:06:36.907044+00:00","Properties":[]}],"TestRunStatistics":{"ExecutedTests":9,"Stats":{"Passed":9}},"ActiveTests":[{"Id":"29e6c0d0-fda5-7dbe-d9ae-60df6a166b85","FullyQualifiedName":"ZooTest.EnclosureTest.ShouldNotBeAbleToAddUnfriendlyAnimalsIntoEnclosureIsNull","DisplayName":"ZooTest.EnclosureTest.ShouldNotBeAbleToAddUnfriendlyAnimalsIntoEnclosureIsNull","ExecutorUri":"executor://xunit/VsTestRunner2/netcoreapp","Source":"D:\\1. WORK\\ANKO\\Zoo Lab\\ZooTest\\bin\\Debug\\netcoreapp3.1\\fine-code-coverage\\build-output\\ZooTest.dll","CodeFilePath":null,"LineNumber":0,"Properties":[]}]}}
TpTrace Verbose: 0 : 52752, 6, 2021/06/21, 23:06:36.967, 6400719938883, vstest.console.dll, TestRunRequest:SendTestRunStatsChange: Starting.
TpTrace Verbose: 0 : 52752, 6, 2021/06/21, 23:06:36.967, 6400719940038, vstest.console.dll, InProgress is ZooTest.EnclosureTest.ShouldNotBeAbleToAddUnfriendlyAnimalsIntoEnclosureIsNull
TpTrace Information: 0 : 52752, 6, 2021/06/21, 23:06:36.967, 6400719942150, vstest.console.dll, TestRunRequest:SendTestRunStatsChange: Completed.
TpTrace Verbose: 0 : 52752, 6, 2021/06/21, 23:06:36.967, 6400719942546, vstest.console.dll, TcpClientExtensions.MessageLoopAsync: Polling on remoteEndPoint: 127.0.0.1:54426 localEndPoint: 127.0.0.1:54425
TpTrace Verbose: 0 : 52752, 6, 2021/06/21, 23:06:36.967, 6400719942900, vstest.console.dll, TcpClientExtensions.MessageLoopAsync: NotifyDataAvailable remoteEndPoint: 127.0.0.1:54426 localEndPoint: 127.0.0.1:54425
TpTrace Verbose: 0 : 52752, 6, 2021/06/21, 23:06:36.967, 6400719943935, vstest.console.dll, TestRequestSender.OnExecutionMessageReceived: Received message: {"Version":2,"MessageType":"TestExecution.StatsChange","Payload":{"NewTestResults":[{"TestCase":{"Id":"29e6c0d0-fda5-7dbe-d9ae-60df6a166b85","FullyQualifiedName":"ZooTest.EnclosureTest.ShouldNotBeAbleToAddUnfriendlyAnimalsIntoEnclosureIsNull","DisplayName":"ZooTest.EnclosureTest.ShouldNotBeAbleToAddUnfriendlyAnimalsIntoEnclosureIsNull","ExecutorUri":"executor://xunit/VsTestRunner2/netcoreapp","Source":"D:\\1. WORK\\ANKO\\Zoo Lab\\ZooTest\\bin\\Debug\\netcoreapp3.1\\fine-code-coverage\\build-output\\ZooTest.dll","CodeFilePath":null,"LineNumber":0,"Properties":[]},"Attachments":[],"Outcome":1,"ErrorMessage":null,"ErrorStackTrace":null,"DisplayName":"ZooTest.EnclosureTest.ShouldNotBeAbleToAddUnfriendlyAnimalsIntoEnclosureIsNull","Messages":[],"ComputerName":"ALFA","Duration":"00:00:00.0003166","StartTime":"2021-06-21T20:06:36.9381576+00:00","EndTime":"2021-06-21T20:06:36.9381599+00:00","Properties":[]},{"TestCase":{"Id":"192c9d56-bd6d-ed36-dade-1a4871f2fbc2","FullyQualifiedName":"ZooTest.Exceptions.ZooLabExceptionsTest.ShouldBeAbleToCreateNotFriendlyAnimalException","DisplayName":"ZooTest.Exceptions.ZooLabExceptionsTest.ShouldBeAbleToCreateNotFriendlyAnimalException","ExecutorUri":"executor://xunit/VsTestRunner2/netcoreapp","Source":"D:\\1. WORK\\ANKO\\Zoo Lab\\ZooTest\\bin\\Debug\\netcoreapp3.1\\fine-code-coverage\\build-output\\ZooTest.dll","CodeFilePath":null,"LineNumber":0,"Properties":[]},"Attachments":[],"Outcome":1,"ErrorMessage":null,"ErrorStackTrace":null,"DisplayName":"ZooTest.Exceptions.ZooLabExceptionsTest.ShouldBeAbleToCreateNotFriendlyAnimalException","Messages":[],"ComputerName":"ALFA","Duration":"00:00:00.0001897","StartTime":"2021-06-21T20:06:36.9439674+00:00","EndTime":"2021-06-21T20:06:36.9439702+00:00","Properties":[]},{"TestCase":{"Id":"55cf818a-9a51-e7f9-6925-fbf04a56ed77","FullyQualifiedName":"ZooTest.Exceptions.ZooLabExceptionsTest.ShouldBeAbleToCreateNoAvailableSpaceException","DisplayName":"ZooTest.Exceptions.ZooLabExceptionsTest.ShouldBeAbleToCreateNoAvailableSpaceException","ExecutorUri":"executor://xunit/VsTestRunner2/netcoreapp","Source":"D:\\1. WORK\\ANKO\\Zoo Lab\\ZooTest\\bin\\Debug\\netcoreapp3.1\\fine-code-coverage\\build-output\\ZooTest.dll","CodeFilePath":null,"LineNumber":0,"Properties":[]},"Attachments":[],"Outcome":1,"ErrorMessage":null,"ErrorStackTrace":null,"DisplayName":"ZooTest.Exceptions.ZooLabExceptionsTest.ShouldBeAbleToCreateNoAvailableSpaceException","Messages":[],"ComputerName":"ALFA","Duration":"00:00:00.0001010","StartTime":"2021-06-21T20:06:36.9461916+00:00","EndTime":"2021-06-21T20:06:36.9461944+00:00","Properties":[]},{"TestCase":{"Id":"a99e0730-281b-4a16-65b0-28cbabe05f64","FullyQualifiedName":"ZooTest.Animals.Mammals.LionTest.ShouldBeAbleToCreateLion","DisplayName":"ZooTest.Animals.Mammals.LionTest.ShouldBeAbleToCreateLion","ExecutorUri":"executor://xunit/VsTestRunner2/netcoreapp","Source":"D:\\1. WORK\\ANKO\\Zoo Lab\\ZooTest\\bin\\Debug\\netcoreapp3.1\\fine-code-coverage\\build-output\\ZooTest.dll","CodeFilePath":null,"LineNumber":0,"Properties":[]},"Attachments":[],"Outcome":1,"ErrorMessage":null,"ErrorStackTrace":null,"DisplayName":"ZooTest.Animals.Mammals.LionTest.ShouldBeAbleToCreateLion","Messages":[],"ComputerName":"ALFA","Duration":"00:00:00.0005203","StartTime":"2021-06-21T20:06:36.948544+00:00","EndTime":"2021-06-21T20:06:36.9485459+00:00","Properties":[]},{"TestCase":{"Id":"b8ab9769-2635-2935-f605-cb4e5b9a75b0","FullyQualifiedName":"ZooTest.Exceptions.ZooLabExceptionsTest.ShouldBeAbleToCreateUnknownAnimalException","DisplayName":"ZooTest.Exceptions.ZooLabExceptionsTest.ShouldBeAbleToCreateUnknownAnimalException","ExecutorUri":"executor://xunit/VsTestRunner2/netcoreapp","Source":"D:\\1. WORK\\ANKO\\Zoo Lab\\ZooTest\\bin\\Debug\\netcoreapp3.1\\fine-code-coverage\\build-output\\ZooTest.dll","CodeFilePath":null,"LineNumber":0,"Properties":[]},"Attachments":[],"Outcome":1,"ErrorMessage":null,"ErrorStackTrace":null,"DisplayName":"ZooTest.Exceptions.ZooLabExceptionsTest.ShouldBeAbleToCreateUnknownAnimalException","Messages":[],"ComputerName":"ALFA","Duration":"00:00:00.0001381","StartTime":"2021-06-21T20:06:36.9493613+00:00","EndTime":"2021-06-21T20:06:36.9493623+00:00","Properties":[]},{"TestCase":{"Id":"cb047559-56fc-a657-8446-1ac402ed6f61","FullyQualifiedName":"ZooTest.Exceptions.ZooLabExceptionsTest.ShouldBeAbleToCreateNoNeededExperienceException","DisplayName":"ZooTest.Exceptions.ZooLabExceptionsTest.ShouldBeAbleToCreateNoNeededExperienceException","ExecutorUri":"executor://xunit/VsTestRunner2/netcoreapp","Source":"D:\\1. WORK\\ANKO\\Zoo Lab\\ZooTest\\bin\\Debug\\netcoreapp3.1\\fine-code-coverage\\build-output\\ZooTest.dll","CodeFilePath":null,"LineNumber":0,"Properties":[]},"Attachments":[],"Outcome":1,"ErrorMessage":null,"ErrorStackTrace":null,"DisplayName":"ZooTest.Exceptions.ZooLabExceptionsTest.ShouldBeAbleToCreateNoNeededExperienceException","Messages":[],"ComputerName":"ALFA","Duration":"00:00:00.0001339","StartTime":"2021-06-21T20:06:36.9596884+00:00","EndTime":"2021-06-21T20:06:36.9596906+00:00","Properties":[]},{"TestCase":{"Id":"70e85239-6d2c-223b-3326-63c2ad8b251c","FullyQualifiedName":"ZooTest.Exceptions.ZooLabExceptionsTest.ShouldBeAbleToCreateNotFavoriteFoodException","DisplayName":"ZooTest.Exceptions.ZooLabExceptionsTest.ShouldBeAbleToCreateNotFavoriteFoodException","ExecutorUri":"executor://xunit/VsTestRunner2/netcoreapp","Source":"D:\\1. WORK\\ANKO\\Zoo Lab\\ZooTest\\bin\\Debug\\netcoreapp3.1\\fine-code-coverage\\build-output\\ZooTest.dll","CodeFilePath":null,"LineNumber":0,"Properties":[]},"Attachments":[],"Outcome":1,"ErrorMessage":null,"ErrorStackTrace":null,"DisplayName":"ZooTest.Exceptions.ZooLabExceptionsTest.ShouldBeAbleToCreateNotFavoriteFoodException","Messages":[],"ComputerName":"ALFA","Duration":"00:00:00.0001345","StartTime":"2021-06-21T20:06:36.9622062+00:00","EndTime":"2021-06-21T20:06:36.9622089+00:00","Properties":[]}],"TestRunStatistics":{"ExecutedTests":16,"Stats":{"Passed":16}},"ActiveTests":[{"Id":"2898d373-7655-7af3-4064-d15bf7c97130","FullyQualifiedName":"ZooTest.Employees.Validators.ZooKeeperHireValidatorTest.ShouldThrowAnExceptionIfEmployeeDoesNotHaveNeededExperience","DisplayName":"ZooTest.Employees.Validators.ZooKeeperHireValidatorTest.ShouldThrowAnExceptionIfEmployeeDoesNotHaveNeededExperience","ExecutorUri":"executor://xunit/VsTestRunner2/netcoreapp","Source":"D:\\1. WORK\\ANKO\\Zoo Lab\\ZooTest\\bin\\Debug\\netcoreapp3.1\\fine-code-coverage\\build-output\\ZooTest.dll","CodeFilePath":null,"LineNumber":0,"Properties":[]},{"Id":"af4a8ca1-dcfc-7b27-91b8-361f36eb5de6","FullyQualifiedName":"ZooTest.Employees.Validators.VeterinarianHireValidatorTest.ShouldThrowAnExceptionIfEmployeeDoesNotHaveNeededExperience","DisplayName":"ZooTest.Employees.Validators.VeterinarianHireValidatorTest.ShouldThrowAnExceptionIfEmployeeDoesNotHaveNeededExperience","ExecutorUri":"executor://xunit/VsTestRunner2/netcoreapp","Source":"D:\\1. WORK\\ANKO\\Zoo Lab\\ZooTest\\bin\\Debug\\netcoreapp3.1\\fine-code-coverage\\build-output\\ZooTest.dll","CodeFilePath":null,"LineNumber":0,"Properties":[]},{"Id":"99e156e3-5072-85fb-013f-9e009bad9c0a","FullyQualifiedName":"ZooTest.Exceptions.ZooLabExceptionsTest.ShouldBeAbleToCreateEnclosureAlreadyExistsException","DisplayName":"ZooTest.Exceptions.ZooLabExceptionsTest.ShouldBeAbleToCreateEnclosureAlreadyExistsException","ExecutorUri":"executor://xunit/VsTestRunner2/netcoreapp","Source":"D:\\1. WORK\\ANKO\\Zoo Lab\\ZooTest\\bin\\Debug\\netcoreapp3.1\\fine-code-coverage\\build-output\\ZooTest.dll","CodeFilePath":null,"LineNumber":0,"Properties":[]}]}}
TpTrace Verbose: 0 : 52752, 6, 2021/06/21, 23:06:36.968, 6400719955771, vstest.console.dll, TestRunRequest:SendTestRunStatsChange: Starting.
TpTrace Verbose: 0 : 52752, 6, 2021/06/21, 23:06:36.968, 6400719956586, vstest.console.dll, InProgress is ZooTest.Employees.Validators.ZooKeeperHireValidatorTest.ShouldThrowAnExceptionIfEmployeeDoesNotHaveNeededExperience
TpTrace Verbose: 0 : 52752, 6, 2021/06/21, 23:06:36.968, 6400719956834, vstest.console.dll, InProgress is ZooTest.Employees.Validators.VeterinarianHireValidatorTest.ShouldThrowAnExceptionIfEmployeeDoesNotHaveNeededExperience
TpTrace Verbose: 0 : 52752, 6, 2021/06/21, 23:06:36.968, 6400719957040, vstest.console.dll, InProgress is ZooTest.Exceptions.ZooLabExceptionsTest.ShouldBeAbleToCreateEnclosureAlreadyExistsException
TpTrace Information: 0 : 52752, 6, 2021/06/21, 23:06:36.968, 6400719957456, vstest.console.dll, TestRunRequest:SendTestRunStatsChange: Completed.
TpTrace Verbose: 0 : 52752, 6, 2021/06/21, 23:06:36.968, 6400719957728, vstest.console.dll, TcpClientExtensions.MessageLoopAsync: Polling on remoteEndPoint: 127.0.0.1:54426 localEndPoint: 127.0.0.1:54425
TpTrace Verbose: 0 : 52752, 6, 2021/06/21, 23:06:36.979, 6400720063911, vstest.console.dll, TcpClientExtensions.MessageLoopAsync: NotifyDataAvailable remoteEndPoint: 127.0.0.1:54426 localEndPoint: 127.0.0.1:54425
TpTrace Verbose: 0 : 52752, 6, 2021/06/21, 23:06:36.980, 6400720074930, vstest.console.dll, TestRequestSender.OnExecutionMessageReceived: Received message: {"Version":2,"MessageType":"TestExecution.StatsChange","Payload":{"NewTestResults":[{"TestCase":{"Id":"99e156e3-5072-85fb-013f-9e009bad9c0a","FullyQualifiedName":"ZooTest.Exceptions.ZooLabExceptionsTest.ShouldBeAbleToCreateEnclosureAlreadyExistsException","DisplayName":"ZooTest.Exceptions.ZooLabExceptionsTest.ShouldBeAbleToCreateEnclosureAlreadyExistsException","ExecutorUri":"executor://xunit/VsTestRunner2/netcoreapp","Source":"D:\\1. WORK\\ANKO\\Zoo Lab\\ZooTest\\bin\\Debug\\netcoreapp3.1\\fine-code-coverage\\build-output\\ZooTest.dll","CodeFilePath":null,"LineNumber":0,"Properties":[]},"Attachments":[],"Outcome":1,"ErrorMessage":null,"ErrorStackTrace":null,"DisplayName":"ZooTest.Exceptions.ZooLabExceptionsTest.ShouldBeAbleToCreateEnclosureAlreadyExistsException","Messages":[],"ComputerName":"ALFA","Duration":"00:00:00.0001253","StartTime":"2021-06-21T20:06:36.9666406+00:00","EndTime":"2021-06-21T20:06:36.9666428+00:00","Properties":[]},{"TestCase":{"Id":"0335d175-3ae3-2f7c-55d3-5868130d1801","FullyQualifiedName":"ZooTest.Employees.ZooKeeperTest.ShouldBeAbleToCreateZooKeeper","DisplayName":"ZooTest.Employees.ZooKeeperTest.ShouldBeAbleToCreateZooKeeper","ExecutorUri":"executor://xunit/VsTestRunner2/netcoreapp","Source":"D:\\1. WORK\\ANKO\\Zoo Lab\\ZooTest\\bin\\Debug\\netcoreapp3.1\\fine-code-coverage\\build-output\\ZooTest.dll","CodeFilePath":null,"LineNumber":0,"Properties":[]},"Attachments":[],"Outcome":1,"ErrorMessage":null,"ErrorStackTrace":null,"DisplayName":"ZooTest.Employees.ZooKeeperTest.ShouldBeAbleToCreateZooKeeper","Messages":[],"ComputerName":"ALFA","Duration":"00:00:00.0005747","StartTime":"2021-06-21T20:06:36.9683449+00:00","EndTime":"2021-06-21T20:06:36.9683476+00:00","Properties":[]},{"TestCase":{"Id":"23b0eb46-03a9-c02a-fb45-3c0457836150","FullyQualifiedName":"ZooTest.Animals.Birds.ParrotTest.ShouldNotBeAbleToFeedParrotWithUnfavoriteFood","DisplayName":"ZooTest.Animals.Birds.ParrotTest.ShouldNotBeAbleToFeedParrotWithUnfavoriteFood","ExecutorUri":"executor://xunit/VsTestRunner2/netcoreapp","Source":"D:\\1. WORK\\ANKO\\Zoo Lab\\ZooTest\\bin\\Debug\\netcoreapp3.1\\fine-code-coverage\\build-output\\ZooTest.dll","CodeFilePath":null,"LineNumber":0,"Properties":[]},"Attachments":[],"Outcome":1,"ErrorMessage":null,"ErrorStackTrace":null,"DisplayName":"ZooTest.Animals.Birds.ParrotTest.ShouldNotBeAbleToFeedParrotWithUnfavoriteFood","Messages":[],"ComputerName":"ALFA","Duration":"00:00:00.0012723","StartTime":"2021-06-21T20:06:36.9703176+00:00","EndTime":"2021-06-21T20:06:36.9703202+00:00","Properties":[]},{"TestCase":{"Id":"4249ceea-de96-e301-437f-a0b32d5eea06","FullyQualifiedName":"ZooTest.Employees.ZooKeeperTest.ShouldBeAbleToFeedAnimal","DisplayName":"ZooTest.Employees.ZooKeeperTest.ShouldBeAbleToFeedAnimal","ExecutorUri":"executor://xunit/VsTestRunner2/netcoreapp","Source":"D:\\1. WORK\\ANKO\\Zoo Lab\\ZooTest\\bin\\Debug\\netcoreapp3.1\\fine-code-coverage\\build-output\\ZooTest.dll","CodeFilePath":null,"LineNumber":0,"Properties":[]},"Attachments":[],"Outcome":1,"ErrorMessage":null,"ErrorStackTrace":null,"DisplayName":"ZooTest.Employees.ZooKeeperTest.ShouldBeAbleToFeedAnimal","Messages":[],"ComputerName":"ALFA","Duration":"00:00:00.0013020","StartTime":"2021-06-21T20:06:36.9721797+00:00","EndTime":"2021-06-21T20:06:36.9721814+00:00","Properties":[]},{"TestCase":{"Id":"bbd06c8b-6013-5181-3e50-0b1590b12cc9","FullyQualifiedName":"ZooTest.Animals.Birds.ParrotTest.ShouldNotBeAbleToFeedParrotIfZooKeeperHasNotExperience","DisplayName":"ZooTest.Animals.Birds.ParrotTest.ShouldNotBeAbleToFeedParrotIfZooKeeperHasNotExperience","ExecutorUri":"executor://xunit/VsTestRunner2/netcoreapp","Source":"D:\\1. WORK\\ANKO\\Zoo Lab\\ZooTest\\bin\\Debug\\netcoreapp3.1\\fine-code-coverage\\build-output\\ZooTest.dll","CodeFilePath":null,"LineNumber":0,"Properties":[]},"Attachments":[],"Outcome":1,"ErrorMessage":null,"ErrorStackTrace":null,"DisplayName":"ZooTest.Animals.Birds.ParrotTest.ShouldNotBeAbleToFeedParrotIfZooKeeperHasNotExperience","Messages":[],"ComputerName":"ALFA","Duration":"00:00:00.0011684","StartTime":"2021-06-21T20:06:36.9737868+00:00","EndTime":"2021-06-21T20:06:36.9737889+00:00","Properties":[]},{"TestCase":{"Id":"a5e8fca2-8da6-edf8-893e-f58a0cd5e2eb","FullyQualifiedName":"ZooTest.Employees.ZooKeeperTest.ShouldBeAbletoAddAnimalExperiences","DisplayName":"ZooTest.Employees.ZooKeeperTest.ShouldBeAbletoAddAnimalExperiences","ExecutorUri":"executor://xunit/VsTestRunner2/netcoreapp","Source":"D:\\1. WORK\\ANKO\\Zoo Lab\\ZooTest\\bin\\Debug\\netcoreapp3.1\\fine-code-coverage\\build-output\\ZooTest.dll","CodeFilePath":null,"LineNumber":0,"Properties":[]},"Attachments":[],"Outcome":1,"ErrorMessage":null,"ErrorStackTrace":null,"DisplayName":"ZooTest.Employees.ZooKeeperTest.ShouldBeAbletoAddAnimalExperiences","Messages":[],"ComputerName":"ALFA","Duration":"00:00:00.0002944","StartTime":"2021-06-21T20:06:36.9758176+00:00","EndTime":"2021-06-21T20:06:36.9758197+00:00","Properties":[]},{"TestCase":{"Id":"af4a8ca1-dcfc-7b27-91b8-361f36eb5de6","FullyQualifiedName":"ZooTest.Employees.Validators.VeterinarianHireValidatorTest.ShouldThrowAnExceptionIfEmployeeDoesNotHaveNeededExperience","DisplayName":"ZooTest.Employees.Validators.VeterinarianHireValidatorTest.ShouldThrowAnExceptionIfEmployeeDoesNotHaveNeededExperience","ExecutorUri":"executor://xunit/VsTestRunner2/netcoreapp","Source":"D:\\1. WORK\\ANKO\\Zoo Lab\\ZooTest\\bin\\Debug\\netcoreapp3.1\\fine-code-coverage\\build-output\\ZooTest.dll","CodeFilePath":null,"LineNumber":0,"Properties":[]},"Attachments":[],"Outcome":1,"ErrorMessage":null,"ErrorStackTrace":null,"DisplayName":"ZooTest.Employees.Validators.VeterinarianHireValidatorTest.ShouldThrowAnExceptionIfEmployeeDoesNotHaveNeededExperience","Messages":[],"ComputerName":"ALFA","Duration":"00:00:00.0031024","StartTime":"2021-06-21T20:06:36.9778399+00:00","EndTime":"2021-06-21T20:06:36.9778429+00:00","Properties":[]}],"TestRunStatistics":{"ExecutedTests":23,"Stats":{"Passed":23}},"ActiveTests":[{"Id":"c750c634-bab7-5ce9-1ba1-c0616613ad75","FullyQualifiedName":"ZooTest.Animals.Birds.ParrotTest.ShouldBeAbleToCreateParrot","DisplayName":"ZooTest.Animals.Birds.ParrotTest.ShouldBeAbleToCreateParrot","ExecutorUri":"executor://xunit/VsTestRunner2/netcoreapp","Source":"D:\\1. WORK\\ANKO\\Zoo Lab\\ZooTest\\bin\\Debug\\netcoreapp3.1\\fine-code-coverage\\build-output\\ZooTest.dll","CodeFilePath":null,"LineNumber":0,"Properties":[]},{"Id":"0c400a02-7bf1-15e1-58e2-2c218710c8e8","FullyQualifiedName":"ZooTest.Employees.ZooKeeperTest.ShouldBeUnableToFeedAnimalWithotExperience","DisplayName":"ZooTest.Employees.ZooKeeperTest.ShouldBeUnableToFeedAnimalWithotExperience","ExecutorUri":"executor://xunit/VsTestRunner2/netcoreapp","Source":"D:\\1. WORK\\ANKO\\Zoo Lab\\ZooTest\\bin\\Debug\\netcoreapp3.1\\fine-code-coverage\\build-output\\ZooTest.dll","CodeFilePath":null,"LineNumber":0,"Properties":[]},{"Id":"fd4c2d5a-5ab1-58df-9b1f-f7e45ad14b5f","FullyQualifiedName":"ZooTest.Employees.Validators.VeterinarianHireValidatorTest.ShouldReturnNullIfEmployeeHasNeededExperience","DisplayName":"ZooTest.Employees.Validators.VeterinarianHireValidatorTest.ShouldReturnNullIfEmployeeHasNeededExperience","ExecutorUri":"executor://xunit/VsTestRunner2/netcoreapp","Source":"D:\\1. WORK\\ANKO\\Zoo Lab\\ZooTest\\bin\\Debug\\netcoreapp3.1\\fine-code-coverage\\build-output\\ZooTest.dll","CodeFilePath":null,"LineNumber":0,"Properties":[]}]}}
TpTrace Verbose: 0 : 52752, 6, 2021/06/21, 23:06:36.982, 6400720091539, vstest.console.dll, TestRunRequest:SendTestRunStatsChange: Starting.
TpTrace Verbose: 0 : 52752, 6, 2021/06/21, 23:06:36.982, 6400720092256, vstest.console.dll, InProgress is ZooTest.Animals.Birds.ParrotTest.ShouldBeAbleToCreateParrot
TpTrace Verbose: 0 : 52752, 6, 2021/06/21, 23:06:36.982, 6400720092505, vstest.console.dll, InProgress is ZooTest.Employees.ZooKeeperTest.ShouldBeUnableToFeedAnimalWithotExperience
TpTrace Verbose: 0 : 52752, 6, 2021/06/21, 23:06:36.982, 6400720092717, vstest.console.dll, InProgress is ZooTest.Employees.Validators.VeterinarianHireValidatorTest.ShouldReturnNullIfEmployeeHasNeededExperience
TpTrace Information: 0 : 52752, 6, 2021/06/21, 23:06:36.982, 6400720093079, vstest.console.dll, TestRunRequest:SendTestRunStatsChange: Completed.
TpTrace Verbose: 0 : 52752, 6, 2021/06/21, 23:06:36.982, 6400720093500, vstest.console.dll, TcpClientExtensions.MessageLoopAsync: Polling on remoteEndPoint: 127.0.0.1:54426 localEndPoint: 127.0.0.1:54425
TpTrace Verbose: 0 : 52752, 6, 2021/06/21, 23:06:36.993, 6400720201323, vstest.console.dll, TcpClientExtensions.MessageLoopAsync: NotifyDataAvailable remoteEndPoint: 127.0.0.1:54426 localEndPoint: 127.0.0.1:54425
TpTrace Verbose: 0 : 52752, 6, 2021/06/21, 23:06:36.993, 6400720202707, vstest.console.dll, TestRequestSender.OnExecutionMessageReceived: Received message: {"Version":2,"MessageType":"TestExecution.StatsChange","Payload":{"NewTestResults":[{"TestCase":{"Id":"0c400a02-7bf1-15e1-58e2-2c218710c8e8","FullyQualifiedName":"ZooTest.Employees.ZooKeeperTest.ShouldBeUnableToFeedAnimalWithotExperience","DisplayName":"ZooTest.Employees.ZooKeeperTest.ShouldBeUnableToFeedAnimalWithotExperience","ExecutorUri":"executor://xunit/VsTestRunner2/netcoreapp","Source":"D:\\1. WORK\\ANKO\\Zoo Lab\\ZooTest\\bin\\Debug\\netcoreapp3.1\\fine-code-coverage\\build-output\\ZooTest.dll","CodeFilePath":null,"LineNumber":0,"Properties":[]},"Attachments":[],"Outcome":1,"ErrorMessage":null,"ErrorStackTrace":null,"DisplayName":"ZooTest.Employees.ZooKeeperTest.ShouldBeUnableToFeedAnimalWithotExperience","Messages":[],"ComputerName":"ALFA","Duration":"00:00:00.0001842","StartTime":"2021-06-21T20:06:36.9818394+00:00","EndTime":"2021-06-21T20:06:36.9818421+00:00","Properties":[]},{"TestCase":{"Id":"c750c634-bab7-5ce9-1ba1-c0616613ad75","FullyQualifiedName":"ZooTest.Animals.Birds.ParrotTest.ShouldBeAbleToCreateParrot","DisplayName":"ZooTest.Animals.Birds.ParrotTest.ShouldBeAbleToCreateParrot","ExecutorUri":"executor://xunit/VsTestRunner2/netcoreapp","Source":"D:\\1. WORK\\ANKO\\Zoo Lab\\ZooTest\\bin\\Debug\\netcoreapp3.1\\fine-code-coverage\\build-output\\ZooTest.dll","CodeFilePath":null,"LineNumber":0,"Properties":[]},"Attachments":[],"Outcome":1,"ErrorMessage":null,"ErrorStackTrace":null,"DisplayName":"ZooTest.Animals.Birds.ParrotTest.ShouldBeAbleToCreateParrot","Messages":[],"ComputerName":"ALFA","Duration":"00:00:00.0003812","StartTime":"2021-06-21T20:06:36.9829492+00:00","EndTime":"2021-06-21T20:06:36.9829502+00:00","Properties":[]},{"TestCase":{"Id":"fd4c2d5a-5ab1-58df-9b1f-f7e45ad14b5f","FullyQualifiedName":"ZooTest.Employees.Validators.VeterinarianHireValidatorTest.ShouldReturnNullIfEmployeeHasNeededExperience","DisplayName":"ZooTest.Employees.Validators.VeterinarianHireValidatorTest.ShouldReturnNullIfEmployeeHasNeededExperience","ExecutorUri":"executor://xunit/VsTestRunner2/netcoreapp","Source":"D:\\1. WORK\\ANKO\\Zoo Lab\\ZooTest\\bin\\Debug\\netcoreapp3.1\\fine-code-coverage\\build-output\\ZooTest.dll","CodeFilePath":null,"LineNumber":0,"Properties":[]},"Attachments":[],"Outcome":1,"ErrorMessage":null,"ErrorStackTrace":null,"DisplayName":"ZooTest.Employees.Validators.VeterinarianHireValidatorTest.ShouldReturnNullIfEmployeeHasNeededExperience","Messages":[],"ComputerName":"ALFA","Duration":"00:00:00.0002602","StartTime":"2021-06-21T20:06:36.9848221+00:00","EndTime":"2021-06-21T20:06:36.9848244+00:00","Properties":[]},{"TestCase":{"Id":"bd4ab2ce-06d6-5e78-38a5-e8393556ddeb","FullyQualifiedName":"ZooTest.Animals.Birds.ParrotTest.ShouldBeAbleToFeedParrot","DisplayName":"ZooTest.Animals.Birds.ParrotTest.ShouldBeAbleToFeedParrot","ExecutorUri":"executor://xunit/VsTestRunner2/netcoreapp","Source":"D:\\1. WORK\\ANKO\\Zoo Lab\\ZooTest\\bin\\Debug\\netcoreapp3.1\\fine-code-coverage\\build-output\\ZooTest.dll","CodeFilePath":null,"LineNumber":0,"Properties":[]},"Attachments":[],"Outcome":1,"ErrorMessage":null,"ErrorStackTrace":null,"DisplayName":"ZooTest.Animals.Birds.ParrotTest.ShouldBeAbleToFeedParrot","Messages":[],"ComputerName":"ALFA","Duration":"00:00:00.0002450","StartTime":"2021-06-21T20:06:36.9873169+00:00","EndTime":"2021-06-21T20:06:36.9873186+00:00","Properties":[]},{"TestCase":{"Id":"4c8e947c-acd6-72eb-6be4-8ff01f1eef87","FullyQualifiedName":"ZooTest.Employees.VeterinarianTest.ShouldBeAbletoAddAnimalExperiences","DisplayName":"ZooTest.Employees.VeterinarianTest.ShouldBeAbletoAddAnimalExperiences","ExecutorUri":"executor://xunit/VsTestRunner2/netcoreapp","Source":"D:\\1. WORK\\ANKO\\Zoo Lab\\ZooTest\\bin\\Debug\\netcoreapp3.1\\fine-code-coverage\\build-output\\ZooTest.dll","CodeFilePath":null,"LineNumber":0,"Properties":[]},"Attachments":[],"Outcome":1,"ErrorMessage":null,"ErrorStackTrace":null,"DisplayName":"ZooTest.Employees.VeterinarianTest.ShouldBeAbletoAddAnimalExperiences","Messages":[],"ComputerName":"ALFA","Duration":"00:00:00.0003771","StartTime":"2021-06-21T20:06:36.9890924+00:00","EndTime":"2021-06-21T20:06:36.9890946+00:00","Properties":[]},{"TestCase":{"Id":"353320d8-c0e4-4bee-1666-2c162c77bad5","FullyQualifiedName":"ZooTest.Employees.VeterinarianTest.ShouldBeAbleToHealAnimal","DisplayName":"ZooTest.Employees.VeterinarianTest.ShouldBeAbleToHealAnimal","ExecutorUri":"executor://xunit/VsTestRunner2/netcoreapp","Source":"D:\\1. WORK\\ANKO\\Zoo Lab\\ZooTest\\bin\\Debug\\netcoreapp3.1\\fine-code-coverage\\build-output\\ZooTest.dll","CodeFilePath":null,"LineNumber":0,"Properties":[]},"Attachments":[],"Outcome":1,"ErrorMessage":null,"ErrorStackTrace":null,"DisplayName":"ZooTest.Employees.VeterinarianTest.ShouldBeAbleToHealAnimal","Messages":[],"ComputerName":"ALFA","Duration":"00:00:00.0005307","StartTime":"2021-06-21T20:06:36.9907265+00:00","EndTime":"2021-06-21T20:06:36.9907276+00:00","Properties":[]},{"TestCase":{"Id":"4df4e93a-3cb7-1359-4c24-6721e7d7317f","FullyQualifiedName":"ZooTest.Employees.VeterinarianTest.ShouldBeUnableToHealAnimalWithoutExperience","DisplayName":"ZooTest.Employees.VeterinarianTest.ShouldBeUnableToHealAnimalWithoutExperience","ExecutorUri":"executor://xunit/VsTestRunner2/netcoreapp","Source":"D:\\1. WORK\\ANKO\\Zoo Lab\\ZooTest\\bin\\Debug\\netcoreapp3.1\\fine-code-coverage\\build-output\\ZooTest.dll","CodeFilePath":null,"LineNumber":0,"Properties":[]},"Attachments":[],"Outcome":1,"ErrorMessage":null,"ErrorStackTrace":null,"DisplayName":"ZooTest.Employees.VeterinarianTest.ShouldBeUnableToHealAnimalWithoutExperience","Messages":[],"ComputerName":"ALFA","Duration":"00:00:00.0002017","StartTime":"2021-06-21T20:06:36.9920618+00:00","EndTime":"2021-06-21T20:06:36.9920627+00:00","Properties":[]}],"TestRunStatistics":{"ExecutedTests":30,"Stats":{"Passed":30}},"ActiveTests":[{"Id":"45a8432a-d64f-3dd9-6c01-7a8502a49fce","FullyQualifiedName":"ZooTest.Animals.AnimalTest.AnimalCanBeSick","DisplayName":"ZooTest.Animals.AnimalTest.AnimalCanBeSick","ExecutorUri":"executor://xunit/VsTestRunner2/netcoreapp","Source":"D:\\1. WORK\\ANKO\\Zoo Lab\\ZooTest\\bin\\Debug\\netcoreapp3.1\\fine-code-coverage\\build-output\\ZooTest.dll","CodeFilePath":null,"LineNumber":0,"Properties":[]},{"Id":"f30baf61-ee58-a053-397f-7e4383f6a989","FullyQualifiedName":"ZooTest.Animals.Reptiles.SnakeTest.ShouldBeAbleToCreateSnake","DisplayName":"ZooTest.Animals.Reptiles.SnakeTest.ShouldBeAbleToCreateSnake","ExecutorUri":"executor://xunit/VsTestRunner2/netcoreapp","Source":"D:\\1. WORK\\ANKO\\Zoo Lab\\ZooTest\\bin\\Debug\\netcoreapp3.1\\fine-code-coverage\\build-output\\ZooTest.dll","CodeFilePath":null,"LineNumber":0,"Properties":[]},{"Id":"5148ff64-05a2-6f6b-6323-c14464694b29","FullyQualifiedName":"ZooTest.Employees.VeterinarianTest.ShouldBeAbleToCreateVeterinarian","DisplayName":"ZooTest.Employees.VeterinarianTest.ShouldBeAbleToCreateVeterinarian","ExecutorUri":"executor://xunit/VsTestRunner2/netcoreapp","Source":"D:\\1. WORK\\ANKO\\Zoo Lab\\ZooTest\\bin\\Debug\\netcoreapp3.1\\fine-code-coverage\\build-output\\ZooTest.dll","CodeFilePath":null,"LineNumber":0,"Properties":[]}]}}
TpTrace Verbose: 0 : 52752, 6, 2021/06/21, 23:06:36.995, 6400720221848, vstest.console.dll, TestRunRequest:SendTestRunStatsChange: Starting.
TpTrace Verbose: 0 : 52752, 6, 2021/06/21, 23:06:36.995, 6400720222489, vstest.console.dll, InProgress is ZooTest.Animals.AnimalTest.AnimalCanBeSick
TpTrace Verbose: 0 : 52752, 6, 2021/06/21, 23:06:36.995, 6400720222733, vstest.console.dll, InProgress is ZooTest.Animals.Reptiles.SnakeTest.ShouldBeAbleToCreateSnake
TpTrace Verbose: 0 : 52752, 6, 2021/06/21, 23:06:36.995, 6400720222944, vstest.console.dll, InProgress is ZooTest.Employees.VeterinarianTest.ShouldBeAbleToCreateVeterinarian
TpTrace Information: 0 : 52752, 6, 2021/06/21, 23:06:36.995, 6400720223298, vstest.console.dll, TestRunRequest:SendTestRunStatsChange: Completed.
TpTrace Verbose: 0 : 52752, 6, 2021/06/21, 23:06:36.995, 6400720223559, vstest.console.dll, TcpClientExtensions.MessageLoopAsync: Polling on remoteEndPoint: 127.0.0.1:54426 localEndPoint: 127.0.0.1:54425
TpTrace Verbose: 0 : 52752, 6, 2021/06/21, 23:06:37.006, 6400720335213, vstest.console.dll, TcpClientExtensions.MessageLoopAsync: NotifyDataAvailable remoteEndPoint: 127.0.0.1:54426 localEndPoint: 127.0.0.1:54425
TpTrace Verbose: 0 : 52752, 6, 2021/06/21, 23:06:37.006, 6400720336633, vstest.console.dll, TestRequestSender.OnExecutionMessageReceived: Received message: {"Version":2,"MessageType":"TestExecution.StatsChange","Payload":{"NewTestResults":[{"TestCase":{"Id":"5148ff64-05a2-6f6b-6323-c14464694b29","FullyQualifiedName":"ZooTest.Employees.VeterinarianTest.ShouldBeAbleToCreateVeterinarian","DisplayName":"ZooTest.Employees.VeterinarianTest.ShouldBeAbleToCreateVeterinarian","ExecutorUri":"executor://xunit/VsTestRunner2/netcoreapp","Source":"D:\\1. WORK\\ANKO\\Zoo Lab\\ZooTest\\bin\\Debug\\netcoreapp3.1\\fine-code-coverage\\build-output\\ZooTest.dll","CodeFilePath":null,"LineNumber":0,"Properties":[]},"Attachments":[],"Outcome":1,"ErrorMessage":null,"ErrorStackTrace":null,"DisplayName":"ZooTest.Employees.VeterinarianTest.ShouldBeAbleToCreateVeterinarian","Messages":[],"ComputerName":"ALFA","Duration":"00:00:00.0003327","StartTime":"2021-06-21T20:06:36.9947581+00:00","EndTime":"2021-06-21T20:06:36.9947841+00:00","Properties":[]},{"TestCase":{"Id":"f30baf61-ee58-a053-397f-7e4383f6a989","FullyQualifiedName":"ZooTest.Animals.Reptiles.SnakeTest.ShouldBeAbleToCreateSnake","DisplayName":"ZooTest.Animals.Reptiles.SnakeTest.ShouldBeAbleToCreateSnake","ExecutorUri":"executor://xunit/VsTestRunner2/netcoreapp","Source":"D:\\1. WORK\\ANKO\\Zoo Lab\\ZooTest\\bin\\Debug\\netcoreapp3.1\\fine-code-coverage\\build-output\\ZooTest.dll","CodeFilePath":null,"LineNumber":0,"Properties":[]},"Attachments":[],"Outcome":1,"ErrorMessage":null,"ErrorStackTrace":null,"DisplayName":"ZooTest.Animals.Reptiles.SnakeTest.ShouldBeAbleToCreateSnake","Messages":[],"ComputerName":"ALFA","Duration":"00:00:00.0027764","StartTime":"2021-06-21T20:06:36.9967475+00:00","EndTime":"2021-06-21T20:06:36.9967497+00:00","Properties":[]},{"TestCase":{"Id":"5210c22c-0127-7db3-a563-f0d898b9d15e","FullyQualifiedName":"ZooTest.Employees.HireValidatorProviderTest.ShouldBeAbleToCreateLocalPaleontolog","DisplayName":"ZooTest.Employees.HireValidatorProviderTest.ShouldBeAbleToCreateLocalPaleontolog","ExecutorUri":"executor://xunit/VsTestRunner2/netcoreapp","Source":"D:\\1. WORK\\ANKO\\Zoo Lab\\ZooTest\\bin\\Debug\\netcoreapp3.1\\fine-code-coverage\\build-output\\ZooTest.dll","CodeFilePath":null,"LineNumber":0,"Properties":[]},"Attachments":[],"Outcome":1,"ErrorMessage":null,"ErrorStackTrace":null,"DisplayName":"ZooTest.Employees.HireValidatorProviderTest.ShouldBeAbleToCreateLocalPaleontolog","Messages":[],"ComputerName":"ALFA","Duration":"00:00:00.0013272","StartTime":"2021-06-21T20:06:36.9984944+00:00","EndTime":"2021-06-21T20:06:36.9984959+00:00","Properties":[]},{"TestCase":{"Id":"cc1e236c-6a97-c6a6-2f81-9b2ad7ff7f11","FullyQualifiedName":"ZooTest.Animals.Reptiles.TurtleTest.ShouldBeAbleToCreateTurtle","DisplayName":"ZooTest.Animals.Reptiles.TurtleTest.ShouldBeAbleToCreateTurtle","ExecutorUri":"executor://xunit/VsTestRunner2/netcoreapp","Source":"D:\\1. WORK\\ANKO\\Zoo Lab\\ZooTest\\bin\\Debug\\netcoreapp3.1\\fine-code-coverage\\build-output\\ZooTest.dll","CodeFilePath":null,"LineNumber":0,"Properties":[]},"Attachments":[],"Outcome":1,"ErrorMessage":null,"ErrorStackTrace":null,"DisplayName":"ZooTest.Animals.Reptiles.TurtleTest.ShouldBeAbleToCreateTurtle","Messages":[],"ComputerName":"ALFA","Duration":"00:00:00.0008841","StartTime":"2021-06-21T20:06:36.9999358+00:00","EndTime":"2021-06-21T20:06:36.9999373+00:00","Properties":[]},{"TestCase":{"Id":"595e7c73-ceed-9a1e-db24-024016d1182a","FullyQualifiedName":"ZooTest.Employees.HireValidatorProviderTest.ShouldThrowAnExceptionWhenEmployeeHasWrongType","DisplayName":"ZooTest.Employees.HireValidatorProviderTest.ShouldThrowAnExceptionWhenEmployeeHasWrongType","ExecutorUri":"executor://xunit/VsTestRunner2/netcoreapp","Source":"D:\\1. WORK\\ANKO\\Zoo Lab\\ZooTest\\bin\\Debug\\netcoreapp3.1\\fine-code-coverage\\build-output\\ZooTest.dll","CodeFilePath":null,"LineNumber":0,"Properties":[]},"Attachments":[],"Outcome":1,"ErrorMessage":null,"ErrorStackTrace":null,"DisplayName":"ZooTest.Employees.HireValidatorProviderTest.ShouldThrowAnExceptionWhenEmployeeHasWrongType","Messages":[],"ComputerName":"ALFA","Duration":"00:00:00.0006226","StartTime":"2021-06-21T20:06:37.0007763+00:00","EndTime":"2021-06-21T20:06:37.0007773+00:00","Properties":[]},{"TestCase":{"Id":"0a87e2f9-c4f5-c340-3aed-d2a69d83d4ba","FullyQualifiedName":"ZooTest.Employees.HireValidatorProviderTest.ShouldBeAbleToReturnZooKeeperHireValidator","DisplayName":"ZooTest.Employees.HireValidatorProviderTest.ShouldBeAbleToReturnZooKeeperHireValidator","ExecutorUri":"executor://xunit/VsTestRunner2/netcoreapp","Source":"D:\\1. WORK\\ANKO\\Zoo Lab\\ZooTest\\bin\\Debug\\netcoreapp3.1\\fine-code-coverage\\build-output\\ZooTest.dll","CodeFilePath":null,"LineNumber":0,"Properties":[]},"Attachments":[],"Outcome":1,"ErrorMessage":null,"ErrorStackTrace":null,"DisplayName":"ZooTest.Employees.HireValidatorProviderTest.ShouldBeAbleToReturnZooKeeperHireValidator","Messages":[],"ComputerName":"ALFA","Duration":"00:00:00.0001625","StartTime":"2021-06-21T20:06:37.0028676+00:00","EndTime":"2021-06-21T20:06:37.0028688+00:00","Properties":[]},{"TestCase":{"Id":"1b699d12-776d-fca2-dea9-bfdcc8586a09","FullyQualifiedName":"ZooTest.Employees.HireValidatorProviderTest.ShouldBeAbleToReturnVeterinarianHireValidator","DisplayName":"ZooTest.Employees.HireValidatorProviderTest.ShouldBeAbleToReturnVeterinarianHireValidator","ExecutorUri":"executor://xunit/VsTestRunner2/netcoreapp","Source":"D:\\1. WORK\\ANKO\\Zoo Lab\\ZooTest\\bin\\Debug\\netcoreapp3.1\\fine-code-coverage\\build-output\\ZooTest.dll","CodeFilePath":null,"LineNumber":0,"Properties":[]},"Attachments":[],"Outcome":1,"ErrorMessage":null,"ErrorStackTrace":null,"DisplayName":"ZooTest.Employees.HireValidatorProviderTest.ShouldBeAbleToReturnVeterinarianHireValidator","Messages":[],"ComputerName":"ALFA","Duration":"00:00:00.0001090","StartTime":"2021-06-21T20:06:37.0045639+00:00","EndTime":"2021-06-21T20:06:37.004566+00:00","Properties":[]},{"TestCase":{"Id":"2898d373-7655-7af3-4064-d15bf7c97130","FullyQualifiedName":"ZooTest.Employees.Validators.ZooKeeperHireValidatorTest.ShouldThrowAnExceptionIfEmployeeDoesNotHaveNeededExperience","DisplayName":"ZooTest.Employees.Validators.ZooKeeperHireValidatorTest.ShouldThrowAnExceptionIfEmployeeDoesNotHaveNeededExperience","ExecutorUri":"executor://xunit/VsTestRunner2/netcoreapp","Source":"D:\\1. WORK\\ANKO\\Zoo Lab\\ZooTest\\bin\\Debug\\netcoreapp3.1\\fine-code-coverage\\build-output\\ZooTest.dll","CodeFilePath":null,"LineNumber":0,"Properties":[]},"Attachments":[],"Outcome":1,"ErrorMessage":null,"ErrorStackTrace":null,"DisplayName":"ZooTest.Employees.Validators.ZooKeeperHireValidatorTest.ShouldThrowAnExceptionIfEmployeeDoesNotHaveNeededExperience","Messages":[],"ComputerName":"ALFA","Duration":"00:00:00.0085868","StartTime":"2021-06-21T20:06:37.0054167+00:00","EndTime":"2021-06-21T20:06:37.0054174+00:00","Properties":[]}],"TestRunStatistics":{"ExecutedTests":38,"Stats":{"Passed":38}},"ActiveTests":[{"Id":"01c487c6-8da6-ce7e-926f-4fb1f0da86c8","FullyQualifiedName":"ZooTest.ZooTest.ShouldBeAbleToFeedAnimalsByZooKeepers","DisplayName":"ZooTest.ZooTest.ShouldBeAbleToFeedAnimalsByZooKeepers","ExecutorUri":"executor://xunit/VsTestRunner2/netcoreapp","Source":"D:\\1. WORK\\ANKO\\Zoo Lab\\ZooTest\\bin\\Debug\\netcoreapp3.1\\fine-code-coverage\\build-output\\ZooTest.dll","CodeFilePath":null,"LineNumber":0,"Properties":[]},{"Id":"8b8a42ce-2f6b-2048-f0ce-49371a6285f8","FullyQualifiedName":"ZooTest.Employees.Validators.ZooKeeperHireValidatorTest.ShouldReturnNullIfEmployeeHasNeededExperience","DisplayName":"ZooTest.Employees.Validators.ZooKeeperHireValidatorTest.ShouldReturnNullIfEmployeeHasNeededExperience","ExecutorUri":"executor://xunit/VsTestRunner2/netcoreapp","Source":"D:\\1. WORK\\ANKO\\Zoo Lab\\ZooTest\\bin\\Debug\\netcoreapp3.1\\fine-code-coverage\\build-output\\ZooTest.dll","CodeFilePath":null,"LineNumber":0,"Properties":[]}]}}
TpTrace Verbose: 0 : 52752, 6, 2021/06/21, 23:06:37.008, 6400720348900, vstest.console.dll, TestRunRequest:SendTestRunStatsChange: Starting.
TpTrace Verbose: 0 : 52752, 6, 2021/06/21, 23:06:37.008, 6400720349447, vstest.console.dll, InProgress is ZooTest.ZooTest.ShouldBeAbleToFeedAnimalsByZooKeepers
TpTrace Verbose: 0 : 52752, 6, 2021/06/21, 23:06:37.008, 6400720349689, vstest.console.dll, InProgress is ZooTest.Employees.Validators.ZooKeeperHireValidatorTest.ShouldReturnNullIfEmployeeHasNeededExperience
TpTrace Information: 0 : 52752, 6, 2021/06/21, 23:06:37.008, 6400720350016, vstest.console.dll, TestRunRequest:SendTestRunStatsChange: Completed.
TpTrace Verbose: 0 : 52752, 6, 2021/06/21, 23:06:37.008, 6400720350387, vstest.console.dll, TcpClientExtensions.MessageLoopAsync: Polling on remoteEndPoint: 127.0.0.1:54426 localEndPoint: 127.0.0.1:54425
TpTrace Verbose: 0 : 52752, 6, 2021/06/21, 23:06:37.019, 6400720467306, vstest.console.dll, TcpClientExtensions.MessageLoopAsync: NotifyDataAvailable remoteEndPoint: 127.0.0.1:54426 localEndPoint: 127.0.0.1:54425
TpTrace Verbose: 0 : 52752, 6, 2021/06/21, 23:06:37.020, 6400720469041, vstest.console.dll, TestRequestSender.OnExecutionMessageReceived: Received message: {"Version":2,"MessageType":"TestExecution.StatsChange","Payload":{"NewTestResults":[{"TestCase":{"Id":"8b8a42ce-2f6b-2048-f0ce-49371a6285f8","FullyQualifiedName":"ZooTest.Employees.Validators.ZooKeeperHireValidatorTest.ShouldReturnNullIfEmployeeHasNeededExperience","DisplayName":"ZooTest.Employees.Validators.ZooKeeperHireValidatorTest.ShouldReturnNullIfEmployeeHasNeededExperience","ExecutorUri":"executor://xunit/VsTestRunner2/netcoreapp","Source":"D:\\1. WORK\\ANKO\\Zoo Lab\\ZooTest\\bin\\Debug\\netcoreapp3.1\\fine-code-coverage\\build-output\\ZooTest.dll","CodeFilePath":null,"LineNumber":0,"Properties":[]},"Attachments":[],"Outcome":1,"ErrorMessage":null,"ErrorStackTrace":null,"DisplayName":"ZooTest.Employees.Validators.ZooKeeperHireValidatorTest.ShouldReturnNullIfEmployeeHasNeededExperience","Messages":[],"ComputerName":"ALFA","Duration":"00:00:00.0002066","StartTime":"2021-06-21T20:06:37.0073556+00:00","EndTime":"2021-06-21T20:06:37.007357+00:00","Properties":[]},{"TestCase":{"Id":"01c487c6-8da6-ce7e-926f-4fb1f0da86c8","FullyQualifiedName":"ZooTest.ZooTest.ShouldBeAbleToFeedAnimalsByZooKeepers","DisplayName":"ZooTest.ZooTest.ShouldBeAbleToFeedAnimalsByZooKeepers","ExecutorUri":"executor://xunit/VsTestRunner2/netcoreapp","Source":"D:\\1. WORK\\ANKO\\Zoo Lab\\ZooTest\\bin\\Debug\\netcoreapp3.1\\fine-code-coverage\\build-output\\ZooTest.dll","CodeFilePath":null,"LineNumber":0,"Properties":[]},"Attachments":[],"Outcome":1,"ErrorMessage":null,"ErrorStackTrace":null,"DisplayName":"ZooTest.ZooTest.ShouldBeAbleToFeedAnimalsByZooKeepers","Messages":[],"ComputerName":"ALFA","Duration":"00:00:00.0136801","StartTime":"2021-06-21T20:06:37.0081997+00:00","EndTime":"2021-06-21T20:06:37.0082004+00:00","Properties":[]},{"TestCase":{"Id":"da920bfc-e904-d337-333e-dae949166096","FullyQualifiedName":"ZooTest.ZooTest.ShouldBeAbleToReturnNullIfThereIsNoAvailableEnclosure","DisplayName":"ZooTest.ZooTest.ShouldBeAbleToReturnNullIfThereIsNoAvailableEnclosure","ExecutorUri":"executor://xunit/VsTestRunner2/netcoreapp","Source":"D:\\1. WORK\\ANKO\\Zoo Lab\\ZooTest\\bin\\Debug\\netcoreapp3.1\\fine-code-coverage\\build-output\\ZooTest.dll","CodeFilePath":null,"LineNumber":0,"Properties":[]},"Attachments":[],"Outcome":1,"ErrorMessage":null,"ErrorStackTrace":null,"DisplayName":"ZooTest.ZooTest.ShouldBeAbleToReturnNullIfThereIsNoAvailableEnclosure","Messages":[],"ComputerName":"ALFA","Duration":"00:00:00.0008494","StartTime":"2021-06-21T20:06:37.0096516+00:00","EndTime":"2021-06-21T20:06:37.0096531+00:00","Properties":[]},{"TestCase":{"Id":"8d9bc9cd-9b28-7f7f-6e2c-4902fd2f349c","FullyQualifiedName":"ZooTest.ZooTest.ShouldBeAbleToHealAnimalsByZooKeepers","DisplayName":"ZooTest.ZooTest.ShouldBeAbleToHealAnimalsByZooKeepers","ExecutorUri":"executor://xunit/VsTestRunner2/netcoreapp","Source":"D:\\1. WORK\\ANKO\\Zoo Lab\\ZooTest\\bin\\Debug\\netcoreapp3.1\\fine-code-coverage\\build-output\\ZooTest.dll","CodeFilePath":null,"LineNumber":0,"Properties":[]},"Attachments":[],"Outcome":1,"ErrorMessage":null,"ErrorStackTrace":null,"DisplayName":"ZooTest.ZooTest.ShouldBeAbleToHealAnimalsByZooKeepers","Messages":[],"ComputerName":"ALFA","Duration":"00:00:00.0011448","StartTime":"2021-06-21T20:06:37.01102+00:00","EndTime":"2021-06-21T20:06:37.0110211+00:00","Properties":[]},{"TestCase":{"Id":"5ed4abca-5751-3ec0-3a6d-bbb0ce0950f7","FullyQualifiedName":"ZooTest.ZooTest.ShouldThrowAnUnknownAnimalExceptionIfNoOneHaveExperienceWithIt","DisplayName":"ZooTest.ZooTest.ShouldThrowAnUnknownAnimalExceptionIfNoOneHaveExperienceWithIt","ExecutorUri":"executor://xunit/VsTestRunner2/netcoreapp","Source":"D:\\1. WORK\\ANKO\\Zoo Lab\\ZooTest\\bin\\Debug\\netcoreapp3.1\\fine-code-coverage\\build-output\\ZooTest.dll","CodeFilePath":null,"LineNumber":0,"Properties":[]},"Attachments":[],"Outcome":1,"ErrorMessage":null,"ErrorStackTrace":null,"DisplayName":"ZooTest.ZooTest.ShouldThrowAnUnknownAnimalExceptionIfNoOneHaveExperienceWithIt","Messages":[],"ComputerName":"ALFA","Duration":"00:00:00.0002860","StartTime":"2021-06-21T20:06:37.0122998+00:00","EndTime":"2021-06-21T20:06:37.0123007+00:00","Properties":[]},{"TestCase":{"Id":"f757a14f-aa99-4e4a-c67b-aeee25aabf74","FullyQualifiedName":"ZooTest.ZooTest.ShouldNotBeAbleToHireAnEmployeeIfAnyValidationErrorIsExist","DisplayName":"ZooTest.ZooTest.ShouldNotBeAbleToHireAnEmployeeIfAnyValidationErrorIsExist","ExecutorUri":"executor://xunit/VsTestRunner2/netcoreapp","Source":"D:\\1. WORK\\ANKO\\Zoo Lab\\ZooTest\\bin\\Debug\\netcoreapp3.1\\fine-code-coverage\\build-output\\ZooTest.dll","CodeFilePath":null,"LineNumber":0,"Properties":[]},"Attachments":[],"Outcome":1,"ErrorMessage":null,"ErrorStackTrace":null,"DisplayName":"ZooTest.ZooTest.ShouldNotBeAbleToHireAnEmployeeIfAnyValidationErrorIsExist","Messages":[],"ComputerName":"ALFA","Duration":"00:00:00.0002536","StartTime":"2021-06-21T20:06:37.013854+00:00","EndTime":"2021-06-21T20:06:37.0138558+00:00","Properties":[]},{"TestCase":{"Id":"0c70751d-05c4-caaf-924b-9ba34c54766f","FullyQualifiedName":"ZooTest.ZooTest.ShouldBeAbleFindAvailableNonEmptyEnclosureWithFriendlyAnimalOnly","DisplayName":"ZooTest.ZooTest.ShouldBeAbleFindAvailableNonEmptyEnclosureWithFriendlyAnimalOnly","ExecutorUri":"executor://xunit/VsTestRunner2/netcoreapp","Source":"D:\\1. WORK\\ANKO\\Zoo Lab\\ZooTest\\bin\\Debug\\netcoreapp3.1\\fine-code-coverage\\build-output\\ZooTest.dll","CodeFilePath":null,"LineNumber":0,"Properties":[]},"Attachments":[],"Outcome":1,"ErrorMessage":null,"ErrorStackTrace":null,"DisplayName":"ZooTest.ZooTest.ShouldBeAbleFindAvailableNonEmptyEnclosureWithFriendlyAnimalOnly","Messages":[],"ComputerName":"ALFA","Duration":"00:00:00.0003532","StartTime":"2021-06-21T20:06:37.0157658+00:00","EndTime":"2021-06-21T20:06:37.0157677+00:00","Properties":[]},{"TestCase":{"Id":"805a8b20-2f44-acf8-0141-d595d56cd5f8","FullyQualifiedName":"ZooTest.ZooTest.ShouldBeAbleToHireAnEmployee","DisplayName":"ZooTest.ZooTest.ShouldBeAbleToHireAnEmployee","ExecutorUri":"executor://xunit/VsTestRunner2/netcoreapp","Source":"D:\\1. WORK\\ANKO\\Zoo Lab\\ZooTest\\bin\\Debug\\netcoreapp3.1\\fine-code-coverage\\build-output\\ZooTest.dll","CodeFilePath":null,"LineNumber":0,"Properties":[]},"Attachments":[],"Outcome":1,"ErrorMessage":null,"ErrorStackTrace":null,"DisplayName":"ZooTest.ZooTest.ShouldBeAbleToHireAnEmployee","Messages":[],"ComputerName":"ALFA","Duration":"00:00:00.0002233","StartTime":"2021-06-21T20:06:37.017089+00:00","EndTime":"2021-06-21T20:06:37.01709+00:00","Properties":[]},{"TestCase":{"Id":"a72fe8d0-52cc-8666-8fee-cd771e8758df","FullyQualifiedName":"ZooTest.ZooTest.ShouldBeAbleToCrateZoo","DisplayName":"ZooTest.ZooTest.ShouldBeAbleToCrateZoo","ExecutorUri":"executor://xunit/VsTestRunner2/netcoreapp","Source":"D:\\1. WORK\\ANKO\\Zoo Lab\\ZooTest\\bin\\Debug\\netcoreapp3.1\\fine-code-coverage\\build-output\\ZooTest.dll","CodeFilePath":null,"LineNumber":0,"Properties":[]},"Attachments":[],"Outcome":1,"ErrorMessage":null,"ErrorStackTrace":null,"DisplayName":"ZooTest.ZooTest.ShouldBeAbleToCrateZoo","Messages":[],"ComputerName":"ALFA","Duration":"00:00:00.0000903","StartTime":"2021-06-21T20:06:37.0183475+00:00","EndTime":"2021-06-21T20:06:37.0183484+00:00","Properties":[]}],"TestRunStatistics":{"ExecutedTests":47,"Stats":{"Passed":47}},"ActiveTests":[{"Id":"7d73076a-f107-a13e-d5f4-a8f15b887119","FullyQualifiedName":"ZooTest.ZooTest.ShouldBeAbleToAddEnclosure","DisplayName":"ZooTest.ZooTest.ShouldBeAbleToAddEnclosure","ExecutorUri":"executor://xunit/VsTestRunner2/netcoreapp","Source":"D:\\1. WORK\\ANKO\\Zoo Lab\\ZooTest\\bin\\Debug\\netcoreapp3.1\\fine-code-coverage\\build-output\\ZooTest.dll","CodeFilePath":null,"LineNumber":0,"Properties":[]}]}}
TpTrace Verbose: 0 : 52752, 6, 2021/06/21, 23:06:37.021, 6400720483397, vstest.console.dll, TestRunRequest:SendTestRunStatsChange: Starting.
TpTrace Verbose: 0 : 52752, 6, 2021/06/21, 23:06:37.021, 6400720483941, vstest.console.dll, InProgress is ZooTest.ZooTest.ShouldBeAbleToAddEnclosure
TpTrace Information: 0 : 52752, 6, 2021/06/21, 23:06:37.021, 6400720484303, vstest.console.dll, TestRunRequest:SendTestRunStatsChange: Completed.
TpTrace Verbose: 0 : 52752, 6, 2021/06/21, 23:06:37.021, 6400720484746, vstest.console.dll, TcpClientExtensions.MessageLoopAsync: Polling on remoteEndPoint: 127.0.0.1:54426 localEndPoint: 127.0.0.1:54425
TpTrace Verbose: 0 : 52752, 6, 2021/06/21, 23:06:37.040, 6400720677083, vstest.console.dll, TcpClientExtensions.MessageLoopAsync: NotifyDataAvailable remoteEndPoint: 127.0.0.1:54426 localEndPoint: 127.0.0.1:54425
TpTrace Verbose: 0 : 52752, 6, 2021/06/21, 23:06:37.041, 6400720678692, vstest.console.dll, TestRequestSender.OnExecutionMessageReceived: Received message: {"Version":2,"MessageType":"TestExecution.StatsChange","Payload":{"NewTestResults":[{"TestCase":{"Id":"7d73076a-f107-a13e-d5f4-a8f15b887119","FullyQualifiedName":"ZooTest.ZooTest.ShouldBeAbleToAddEnclosure","DisplayName":"ZooTest.ZooTest.ShouldBeAbleToAddEnclosure","ExecutorUri":"executor://xunit/VsTestRunner2/netcoreapp","Source":"D:\\1. WORK\\ANKO\\Zoo Lab\\ZooTest\\bin\\Debug\\netcoreapp3.1\\fine-code-coverage\\build-output\\ZooTest.dll","CodeFilePath":null,"LineNumber":0,"Properties":[]},"Attachments":[],"Outcome":1,"ErrorMessage":null,"ErrorStackTrace":null,"DisplayName":"ZooTest.ZooTest.ShouldBeAbleToAddEnclosure","Messages":[],"ComputerName":"ALFA","Duration":"00:00:00.0001170","StartTime":"2021-06-21T20:06:37.0210106+00:00","EndTime":"2021-06-21T20:06:37.0210129+00:00","Properties":[]},{"TestCase":{"Id":"0496dafc-4547-2977-7cd9-4a8c3b441f69","FullyQualifiedName":"ZooTest.ZooTest.ShouldThrowUnknownAnimalExceptionIfNoZooKeeperWithSuchAnimalExperience","DisplayName":"ZooTest.ZooTest.ShouldThrowUnknownAnimalExceptionIfNoZooKeeperWithSuchAnimalExperience","ExecutorUri":"executor://xunit/VsTestRunner2/netcoreapp","Source":"D:\\1. WORK\\ANKO\\Zoo Lab\\ZooTest\\bin\\Debug\\netcoreapp3.1\\fine-code-coverage\\build-output\\ZooTest.dll","CodeFilePath":null,"LineNumber":0,"Properties":[]},"Attachments":[],"Outcome":1,"ErrorMessage":null,"ErrorStackTrace":null,"DisplayName":"ZooTest.ZooTest.ShouldThrowUnknownAnimalExceptionIfNoZooKeeperWithSuchAnimalExperience","Messages":[],"ComputerName":"ALFA","Duration":"00:00:00.0012658","StartTime":"2021-06-21T20:06:37.0226562+00:00","EndTime":"2021-06-21T20:06:37.0226577+00:00","Properties":[]},{"TestCase":{"Id":"209f725e-b52c-bb6c-e4c1-cd2420e9365e","FullyQualifiedName":"ZooTest.ZooTest.ShouldBeAbleToFindAvailableEnclosure","DisplayName":"ZooTest.ZooTest.ShouldBeAbleToFindAvailableEnclosure","ExecutorUri":"executor://xunit/VsTestRunner2/netcoreapp","Source":"D:\\1. WORK\\ANKO\\Zoo Lab\\ZooTest\\bin\\Debug\\netcoreapp3.1\\fine-code-coverage\\build-output\\ZooTest.dll","CodeFilePath":null,"LineNumber":0,"Properties":[]},"Attachments":[],"Outcome":1,"ErrorMessage":null,"ErrorStackTrace":null,"DisplayName":"ZooTest.ZooTest.ShouldBeAbleToFindAvailableEnclosure","Messages":[],"ComputerName":"ALFA","Duration":"00:00:00.0002234","StartTime":"2021-06-21T20:06:37.0321109+00:00","EndTime":"2021-06-21T20:06:37.0321133+00:00","Properties":[]},{"TestCase":{"Id":"b8c9ec69-abff-b0f6-ad23-b1f9ac6896a0","FullyQualifiedName":"ZooTest.ZooTest.ShouldBeUnableToAddEnclosureWithNameThatAlreadyExists","DisplayName":"ZooTest.ZooTest.ShouldBeUnableToAddEnclosureWithNameThatAlreadyExists","ExecutorUri":"executor://xunit/VsTestRunner2/netcoreapp","Source":"D:\\1. WORK\\ANKO\\Zoo Lab\\ZooTest\\bin\\Debug\\netcoreapp3.1\\fine-code-coverage\\build-output\\ZooTest.dll","CodeFilePath":null,"LineNumber":0,"Properties":[]},"Attachments":[],"Outcome":1,"ErrorMessage":null,"ErrorStackTrace":null,"DisplayName":"ZooTest.ZooTest.ShouldBeUnableToAddEnclosureWithNameThatAlreadyExists","Messages":[],"ComputerName":"ALFA","Duration":"00:00:00.0014712","StartTime":"2021-06-21T20:06:37.0335526+00:00","EndTime":"2021-06-21T20:06:37.0335538+00:00","Properties":[]},{"TestCase":{"Id":"45a8432a-d64f-3dd9-6c01-7a8502a49fce","FullyQualifiedName":"ZooTest.Animals.AnimalTest.AnimalCanBeSick","DisplayName":"ZooTest.Animals.AnimalTest.AnimalCanBeSick","ExecutorUri":"executor://xunit/VsTestRunner2/netcoreapp","Source":"D:\\1. WORK\\ANKO\\Zoo Lab\\ZooTest\\bin\\Debug\\netcoreapp3.1\\fine-code-coverage\\build-output\\ZooTest.dll","CodeFilePath":null,"LineNumber":0,"Properties":[]},"Attachments":[],"Outcome":1,"ErrorMessage":null,"ErrorStackTrace":null,"DisplayName":"ZooTest.Animals.AnimalTest.AnimalCanBeSick","Messages":[],"ComputerName":"ALFA","Duration":"00:00:00.1178466","StartTime":"2021-06-21T20:06:37.0343312+00:00","EndTime":"2021-06-21T20:06:37.0343324+00:00","Properties":[]},{"TestCase":{"Id":"9be15755-d3e9-316b-baba-8e44a7c774e0","FullyQualifiedName":"ZooTest.Animals.AnimalTest.AnimalIsHungryWhenItIsCreated","DisplayName":"ZooTest.Animals.AnimalTest.AnimalIsHungryWhenItIsCreated","ExecutorUri":"executor://xunit/VsTestRunner2/netcoreapp","Source":"D:\\1. WORK\\ANKO\\Zoo Lab\\ZooTest\\bin\\Debug\\netcoreapp3.1\\fine-code-coverage\\build-output\\ZooTest.dll","CodeFilePath":null,"LineNumber":0,"Properties":[]},"Attachments":[],"Outcome":1,"ErrorMessage":null,"ErrorStackTrace":null,"DisplayName":"ZooTest.Animals.AnimalTest.AnimalIsHungryWhenItIsCreated","Messages":[],"ComputerName":"ALFA","Duration":"00:00:00.0006164","StartTime":"2021-06-21T20:06:37.0358664+00:00","EndTime":"2021-06-21T20:06:37.0358678+00:00","Properties":[]},{"TestCase":{"Id":"b1b7cfb7-f489-7d85-ab64-d36297464407","FullyQualifiedName":"ZooTest.Animals.AnimalTest.AnimalShouldNotBeAbleToAddFeedScheduleContainsNull","DisplayName":"ZooTest.Animals.AnimalTest.AnimalShouldNotBeAbleToAddFeedScheduleContainsNull","ExecutorUri":"executor://xunit/VsTestRunner2/netcoreapp","Source":"D:\\1. WORK\\ANKO\\Zoo Lab\\ZooTest\\bin\\Debug\\netcoreapp3.1\\fine-code-coverage\\build-output\\ZooTest.dll","CodeFilePath":null,"LineNumber":0,"Properties":[]},"Attachments":[],"Outcome":1,"ErrorMessage":null,"ErrorStackTrace":null,"DisplayName":"ZooTest.Animals.AnimalTest.AnimalShouldNotBeAbleToAddFeedScheduleContainsNull","Messages":[],"ComputerName":"ALFA","Duration":"00:00:00.0011694","StartTime":"2021-06-21T20:06:37.0371143+00:00","EndTime":"2021-06-21T20:06:37.0371153+00:00","Properties":[]},{"TestCase":{"Id":"e7361a23-55a7-a85b-a045-66575aee95ee","FullyQualifiedName":"ZooTest.Animals.AnimalTest.AnimalShouldBeAbleToAddFeedSchedule","DisplayName":"ZooTest.Animals.AnimalTest.AnimalShouldBeAbleToAddFeedSchedule","ExecutorUri":"executor://xunit/VsTestRunner2/netcoreapp","Source":"D:\\1. WORK\\ANKO\\Zoo Lab\\ZooTest\\bin\\Debug\\netcoreapp3.1\\fine-code-coverage\\build-output\\ZooTest.dll","CodeFilePath":null,"LineNumber":0,"Properties":[]},"Attachments":[],"Outcome":1,"ErrorMessage":null,"ErrorStackTrace":null,"DisplayName":"ZooTest.Animals.AnimalTest.AnimalShouldBeAbleToAddFeedSchedule","Messages":[],"ComputerName":"ALFA","Duration":"00:00:00.0003405","StartTime":"2021-06-21T20:06:37.038383+00:00","EndTime":"2021-06-21T20:06:37.0383842+00:00","Properties":[]},{"TestCase":{"Id":"a2560dd9-7d21-b4eb-dc2b-44d892c19261","FullyQualifiedName":"ZooTest.Animals.AnimalTest.AnimalShouldNotBeAbleToAddFeedScheduleWithTheSameElements","DisplayName":"ZooTest.Animals.AnimalTest.AnimalShouldNotBeAbleToAddFeedScheduleWithTheSameElements","ExecutorUri":"executor://xunit/VsTestRunner2/netcoreapp","Source":"D:\\1. WORK\\ANKO\\Zoo Lab\\ZooTest\\bin\\Debug\\netcoreapp3.1\\fine-code-coverage\\build-output\\ZooTest.dll","CodeFilePath":null,"LineNumber":0,"Properties":[]},"Attachments":[],"Outcome":1,"ErrorMessage":null,"ErrorStackTrace":null,"DisplayName":"ZooTest.Animals.AnimalTest.AnimalShouldNotBeAbleToAddFeedScheduleWithTheSameElements","Messages":[],"ComputerName":"ALFA","Duration":"00:00:00.0005456","StartTime":"2021-06-21T20:06:37.0395978+00:00","EndTime":"2021-06-21T20:06:37.0395991+00:00","Properties":[]}],"TestRunStatistics":{"ExecutedTests":56,"Stats":{"Passed":56}},"ActiveTests":[{"Id":"6124181c-c0d3-f965-105d-d9f1ebfd659b","FullyQualifiedName":"ZooTest.Animals.AnimalTest.AnimalShouldNotBeHealedIfItIsHealthy","DisplayName":"ZooTest.Animals.AnimalTest.AnimalShouldNotBeHealedIfItIsHealthy","ExecutorUri":"executor://xunit/VsTestRunner2/netcoreapp","Source":"D:\\1. WORK\\ANKO\\Zoo Lab\\ZooTest\\bin\\Debug\\netcoreapp3.1\\fine-code-coverage\\build-output\\ZooTest.dll","CodeFilePath":null,"LineNumber":0,"Properties":[]}]}}
TpTrace Verbose: 0 : 52752, 6, 2021/06/21, 23:06:37.042, 6400720692404, vstest.console.dll, TestRunRequest:SendTestRunStatsChange: Starting.
TpTrace Verbose: 0 : 52752, 6, 2021/06/21, 23:06:37.042, 6400720692859, vstest.console.dll, InProgress is ZooTest.Animals.AnimalTest.AnimalShouldNotBeHealedIfItIsHealthy
TpTrace Information: 0 : 52752, 6, 2021/06/21, 23:06:37.042, 6400720693219, vstest.console.dll, TestRunRequest:SendTestRunStatsChange: Completed.
TpTrace Verbose: 0 : 52752, 6, 2021/06/21, 23:06:37.042, 6400720693522, vstest.console.dll, TcpClientExtensions.MessageLoopAsync: Polling on remoteEndPoint: 127.0.0.1:54426 localEndPoint: 127.0.0.1:54425
TpTrace Verbose: 0 : 52752, 6, 2021/06/21, 23:06:37.047, 6400720738338, vstest.console.dll, TcpClientExtensions.MessageLoopAsync: NotifyDataAvailable remoteEndPoint: 127.0.0.1:54426 localEndPoint: 127.0.0.1:54425
TpTrace Verbose: 0 : 52752, 6, 2021/06/21, 23:06:37.047, 6400720739265, vstest.console.dll, TestRequestSender.OnExecutionMessageReceived: Received message: {"Version":2,"MessageType":"TestSession.Message","Payload":{"MessageLevel":0,"Message":"[xUnit.net 00:00:00.76]   Finished:    ZooTest"}}
TpTrace Verbose: 0 : 52752, 6, 2021/06/21, 23:06:37.047, 6400720740478, vstest.console.dll, TestRunRequest:SendTestRunMessage: Starting.
TpTrace Information: 0 : 52752, 6, 2021/06/21, 23:06:37.047, 6400720740990, vstest.console.dll, TestRunRequest:SendTestRunMessage: Completed.
TpTrace Verbose: 0 : 52752, 6, 2021/06/21, 23:06:37.047, 6400720741283, vstest.console.dll, TcpClientExtensions.MessageLoopAsync: Polling on remoteEndPoint: 127.0.0.1:54426 localEndPoint: 127.0.0.1:54425
TpTrace Verbose: 0 : 52752, 6, 2021/06/21, 23:06:37.067, 6400720942975, vstest.console.dll, TcpClientExtensions.MessageLoopAsync: NotifyDataAvailable remoteEndPoint: 127.0.0.1:54426 localEndPoint: 127.0.0.1:54425
TpTrace Verbose: 0 : 52752, 6, 2021/06/21, 23:06:37.067, 6400720945070, vstest.console.dll, TestRequestSender.OnExecutionMessageReceived: Received message: {"Version":2,"MessageType":"TestExecution.Completed","Payload":{"TestRunCompleteArgs":{"TestRunStatistics":{"ExecutedTests":59,"Stats":{"Passed":59}},"IsCanceled":false,"IsAborted":false,"Error":null,"AttachmentSets":[],"ElapsedTimeInRunningTests":"00:00:00.7686398","Metrics":{}},"LastRunTests":{"NewTestResults":[{"TestCase":{"Id":"6124181c-c0d3-f965-105d-d9f1ebfd659b","FullyQualifiedName":"ZooTest.Animals.AnimalTest.AnimalShouldNotBeHealedIfItIsHealthy","DisplayName":"ZooTest.Animals.AnimalTest.AnimalShouldNotBeHealedIfItIsHealthy","ExecutorUri":"executor://xunit/VsTestRunner2/netcoreapp","Source":"D:\\1. WORK\\ANKO\\Zoo Lab\\ZooTest\\bin\\Debug\\netcoreapp3.1\\fine-code-coverage\\build-output\\ZooTest.dll","CodeFilePath":null,"LineNumber":0,"Properties":[]},"Attachments":[],"Outcome":1,"ErrorMessage":null,"ErrorStackTrace":null,"DisplayName":"ZooTest.Animals.AnimalTest.AnimalShouldNotBeHealedIfItIsHealthy","Messages":[],"ComputerName":"ALFA","Duration":"00:00:00.0006648","StartTime":"2021-06-21T20:06:37.0415526+00:00","EndTime":"2021-06-21T20:06:37.0415541+00:00","Properties":[]},{"TestCase":{"Id":"569c5930-8239-ecc8-fb16-e042f65f276e","FullyQualifiedName":"ZooTest.Animals.AnimalTest.AnimalShouldBeHealedIfSick","DisplayName":"ZooTest.Animals.AnimalTest.AnimalShouldBeHealedIfSick","ExecutorUri":"executor://xunit/VsTestRunner2/netcoreapp","Source":"D:\\1. WORK\\ANKO\\Zoo Lab\\ZooTest\\bin\\Debug\\netcoreapp3.1\\fine-code-coverage\\build-output\\ZooTest.dll","CodeFilePath":null,"LineNumber":0,"Properties":[]},"Attachments":[],"Outcome":1,"ErrorMessage":null,"ErrorStackTrace":null,"DisplayName":"ZooTest.Animals.AnimalTest.AnimalShouldBeHealedIfSick","Messages":[],"ComputerName":"ALFA","Duration":"00:00:00.0002932","StartTime":"2021-06-21T20:06:37.0428808+00:00","EndTime":"2021-06-21T20:06:37.042882+00:00","Properties":[]},{"TestCase":{"Id":"0d434e80-96d1-65b2-aa02-63b5f26c9ee7","FullyQualifiedName":"ZooTest.Animals.AnimalTest.AnimalIsNotSickWhenItIsCreated","DisplayName":"ZooTest.Animals.AnimalTest.AnimalIsNotSickWhenItIsCreated","ExecutorUri":"executor://xunit/VsTestRunner2/netcoreapp","Source":"D:\\1. WORK\\ANKO\\Zoo Lab\\ZooTest\\bin\\Debug\\netcoreapp3.1\\fine-code-coverage\\build-output\\ZooTest.dll","CodeFilePath":null,"LineNumber":0,"Properties":[]},"Attachments":[],"Outcome":1,"ErrorMessage":null,"ErrorStackTrace":null,"DisplayName":"ZooTest.Animals.AnimalTest.AnimalIsNotSickWhenItIsCreated","Messages":[],"ComputerName":"ALFA","Duration":"00:00:00.0001178","StartTime":"2021-06-21T20:06:37.0441749+00:00","EndTime":"2021-06-21T20:06:37.0441761+00:00","Properties":[]}],"TestRunStatistics":{"ExecutedTests":59,"Stats":{"Passed":59}},"ActiveTests":[]},"RunAttachments":[],"ExecutorUris":["executor://xunit/VsTestRunner2/netcoreapp"]}}
TpTrace Verbose: 0 : 52752, 6, 2021/06/21, 23:06:37.067, 6400720947493, vstest.console.dll, TestRequestSender.EndSession: Sending end session.
TpTrace Verbose: 0 : 52752, 6, 2021/06/21, 23:06:37.068, 6400720948610, vstest.console.dll, ProxyOperationManager.Close: waiting for test host to exit for 100 ms
TpTrace Warning: 0 : 52752, 10, 2021/06/21, 23:06:37.085, 6400721123556, vstest.console.dll, TestHostManagerCallbacks.ErrorReceivedCallback Test host standard error line: 
TpTrace Verbose: 0 : 52752, 7, 2021/06/21, 23:06:37.097, 6400721238630, vstest.console.dll, TestHostProvider.ExitCallBack: Host exited starting callback.
TpTrace Information: 0 : 52752, 7, 2021/06/21, 23:06:37.097, 6400721246129, vstest.console.dll, TestHostManagerCallbacks.ExitCallBack: Testhost processId: 40184 exited with exitcode: 0 error: ''
TpTrace Verbose: 0 : 52752, 7, 2021/06/21, 23:06:37.097, 6400721246924, vstest.console.dll, DotnetTestHostManager.OnHostExited: invoking OnHostExited callback
TpTrace Verbose: 0 : 52752, 7, 2021/06/21, 23:06:37.097, 6400721247506, vstest.console.dll, CrossPlatEngine.TestHostManagerHostExited: calling on client process exit callback.
TpTrace Information: 0 : 52752, 7, 2021/06/21, 23:06:37.098, 6400721248015, vstest.console.dll, TestRequestSender.OnClientProcessExit: Test host process exited. Standard error: 
TpTrace Warning: 0 : 52752, 6, 2021/06/21, 23:06:37.098, 6400721248118, vstest.console.dll, ProxyOperationManager: Timed out waiting for test host to exit. Will terminate process.
TpTrace Information: 0 : 52752, 7, 2021/06/21, 23:06:37.098, 6400721248502, vstest.console.dll, SocketServer.Stop: Stop server endPoint: 127.0.0.1:54425
TpTrace Information: 0 : 52752, 7, 2021/06/21, 23:06:37.098, 6400721248969, vstest.console.dll, SocketServer.Stop: Cancellation requested. Stopping message loop.
TpTrace Verbose: 0 : 52752, 6, 2021/06/21, 23:06:37.098, 6400721253886, vstest.console.dll, ProxyDataCollectionManager.InvokeDataCollectionServiceAction: Starting.
TpTrace Information: 0 : 52752, 6, 2021/06/21, 23:06:37.098, 6400721254437, vstest.console.dll, ProxyDataCollectionManager.AfterTestRunEnd: Get attachment set for datacollector processId: 33508 port: 54422
TpTrace Verbose: 0 : 52752, 6, 2021/06/21, 23:06:37.098, 6400721255019, vstest.console.dll, DataCollectionRequestSender.SendAfterTestRunStartAndGetResult : Send AfterTestRunEnd message with isCancelled: False
TpTrace Verbose: 0 : 52752, 6, 2021/06/21, 23:06:37.105, 6400721326344, vstest.console.dll, DataCollectionRequestSender.SendAfterTestRunStartAndGetResult : Received message: (DataCollection.AfterTestRunEndResult) -> {
  "AttachmentSets": [],
  "Metrics": {}
}
TpTrace Information: 0 : 52752, 6, 2021/06/21, 23:06:37.108, 6400721350372, vstest.console.dll, ProxyDataCollectionManager.InvokeDataCollectionServiceAction: Completed.
TpTrace Warning: 0 : 52752, 9, 2021/06/21, 23:06:37.119, 6400721466563, vstest.console.dll, DataCollectionLauncher.ErrorReceivedCallback datacollector standard error line: 
TpTrace Verbose: 0 : 52752, 6, 2021/06/21, 23:06:37.137, 6400721638266, vstest.console.dll, TestRunRequest:SendTestRunStatsChange: Starting.
TpTrace Information: 0 : 52752, 6, 2021/06/21, 23:06:37.137, 6400721639247, vstest.console.dll, TestRunRequest:SendTestRunStatsChange: Completed.
TpTrace Verbose: 0 : 52752, 6, 2021/06/21, 23:06:37.137, 6400721641099, vstest.console.dll, ParallelProxyExecutionManager: HandlePartialRunComplete: Total completed clients = 1, Run complete = True, Run canceled: False.
TpTrace Information: 0 : 52752, 7, 2021/06/21, 23:06:37.141, 6400721681700, vstest.console.dll, DataCollectionLauncher.ExitCallBack: Data collector exited with exitcode: 0 error: ''
TpTrace Verbose: 0 : 52752, 6, 2021/06/21, 23:06:37.176, 6400722034166, vstest.console.dll, TestRunRequest:TestRunComplete: Starting. IsAborted:False IsCanceled:False.
TpTrace Verbose: 0 : 52752, 6, 2021/06/21, 23:06:37.176, 6400722036884, vstest.console.dll, TestLoggerManager.HandleTestRunComplete: Ignoring as the object is disposed.
TpTrace Information: 0 : 52752, 6, 2021/06/21, 23:06:37.177, 6400722039369, vstest.console.dll, TestRunRequest:TestRunComplete: Completed.
TpTrace Verbose: 0 : 52752, 1, 2021/06/21, 23:06:37.177, 6400722039620, vstest.console.dll, TestRunRequest.Dispose: Starting.
TpTrace Verbose: 0 : 52752, 6, 2021/06/21, 23:06:37.177, 6400722039827, vstest.console.dll, TestRequestSender.SetOperationComplete: Setting operation complete.
TpTrace Information: 0 : 52752, 1, 2021/06/21, 23:06:37.177, 6400722040315, vstest.console.dll, TestRunRequest.Dispose: Completed.
TpTrace Information: 0 : 52752, 6, 2021/06/21, 23:06:37.177, 6400722040534, vstest.console.dll, SocketServer.Stop: Stop server endPoint: 127.0.0.1:54425
TpTrace Information: 0 : 52752, 6, 2021/06/21, 23:06:37.177, 6400722040833, vstest.console.dll, SocketServer.Stop: Cancellation requested. Stopping message loop.
TpTrace Information: 0 : 52752, 1, 2021/06/21, 23:06:37.177, 6400722040971, vstest.console.dll, TestRequestManager.RunTests: run tests completed.
TpTrace Information: 0 : 52752, 6, 2021/06/21, 23:06:37.177, 6400722041430, vstest.console.dll, SocketServer.PrivateStop: Stop server endPoint: 127.0.0.1:54425 error: 
TpTrace Information: 0 : 52752, 1, 2021/06/21, 23:06:37.177, 6400722041694, vstest.console.dll, RunTestsArgumentProcessor:Execute: Test run is completed.
TpTrace Verbose: 0 : 52752, 1, 2021/06/21, 23:06:37.177, 6400722043298, vstest.console.dll, Executor.Execute: Exiting with exit code of 0
TpTrace Verbose: 0 : 52752, 6, 2021/06/21, 23:06:37.177, 6400722046203, vstest.console.dll, LengthPrefixCommunicationChannel.Dispose: Dispose reader and writer.
TpTrace Information: 0 : 52752, 6, 2021/06/21, 23:06:37.177, 6400722047110, vstest.console.dll, SocketServer.Stop: Raise disconnected event endPoint: 127.0.0.1:54425 error: 
TpTrace Verbose: 0 : 52752, 6, 2021/06/21, 23:06:37.177, 6400722047681, vstest.console.dll, TestRequestSender: OnTestRunAbort: Operation is already complete. Skip error message.
